[20:24:32] [ERROR] CConnection::CConnection - establishing connection to MySQL database failed: #2002 'Can't connect to MySQL server on 'localhost' (10061)'
[20:29:21] [ERROR] CConnection::CConnection - establishing connection to MySQL database failed: #2002 'Can't connect to MySQL server on '185.204.2.248' (10061)'
[20:29:27] [ERROR] CConnection::CConnection - establishing connection to MySQL database failed: #2002 'Can't connect to MySQL server on '185.204.2.248' (10061)'
[20:29:29] [ERROR] CConnection::CConnection - establishing connection to MySQL database failed: #2002 'Can't connect to MySQL server on '185.204.2.248' (10061)'
[14:04:34] [WARNING] mysql_connect: no password specified (C:\Users\Admin\Desktop\SERVER\gamemodes\new.pwn:32232 -> modules\auction\design\biznes_centre.pwn:763 -> modules\auction\design\maps.pwn:559)
[16:36:25] [WARNING] mysql_connect: no password specified (C:\Users\Admin\Desktop\SERVER\gamemodes\new.pwn:32232 -> modules\auction\design\biznes_centre.pwn:763 -> modules\auction\design\maps.pwn:559)
[17:02:51] [ERROR] mysql_format: no value for specifier '%d' passed (C:\Users\Admin\Desktop\SERVER\gamemodes\new.pwn:26010 -> C:\Users\Admin\Desktop\SERVER\gamemodes\new.pwn:29747 -> C:\Users\Admin\Desktop\SERVER\pawno\include\nex-ac.inc:3815)
[18:01:54] [WARNING] mysql_connect: no password specified (C:\Users\Admin\Desktop\SERVER\gamemodes\new.pwn:32708 -> modules\auction\design\biznes_centre.pwn:763 -> modules\auction\design\maps.pwn:559)
[18:07:07] [WARNING] mysql_connect: no password specified (C:\Users\Admin\Desktop\SERVER\gamemodes\new.pwn:32708 -> modules\auction\design\biznes_centre.pwn:763 -> modules\auction\design\maps.pwn:559)
[18:11:58] [WARNING] mysql_connect: no password specified (C:\Users\Admin\Desktop\SERVER\gamemodes\new.pwn:32708 -> modules\auction\design\biznes_centre.pwn:763 -> modules\auction\design\maps.pwn:559)
[18:15:48] [WARNING] mysql_connect: no password specified (C:\Users\Admin\Desktop\SERVER\gamemodes\new.pwn:32708 -> modules\auction\design\biznes_centre.pwn:763 -> modules\auction\design\maps.pwn:559)
[18:21:08] [WARNING] mysql_connect: no password specified (C:\Users\Admin\Desktop\SERVER\gamemodes\new.pwn:32723 -> modules\auction\design\biznes_centre.pwn:763 -> modules\auction\design\maps.pwn:559)
[18:37:08] [WARNING] mysql_connect: no password specified (C:\Users\Admin\Desktop\SERVER\gamemodes\new.pwn:32723 -> modules\auction\design\biznes_centre.pwn:763 -> modules\auction\design\maps.pwn:559)
[18:40:37] [WARNING] mysql_connect: no password specified (C:\Users\Admin\Desktop\SERVER\gamemodes\new.pwn:32723 -> modules\auction\design\biznes_centre.pwn:763 -> modules\auction\design\maps.pwn:559)
[18:49:28] [WARNING] mysql_connect: no password specified (C:\Users\Admin\Desktop\SERVER\gamemodes\new.pwn:32722 -> modules\auction\design\biznes_centre.pwn:763 -> modules\auction\design\maps.pwn:559)
[19:33:06] [WARNING] mysql_connect: no password specified (C:\Users\Admin\Desktop\SERVER\gamemodes\new.pwn:32722 -> modules\auction\design\biznes_centre.pwn:763 -> modules\auction\design\maps.pwn:559)
[21:04:42] [WARNING] mysql_connect: no password specified (C:\Users\Admin\Desktop\SERVER\gamemodes\new.pwn:33213 -> modules\auction\design\biznes_centre.pwn:763 -> modules\auction\design\maps.pwn:559)
[20:24:34] [WARNING] mysql_connect: no password specified (C:\Users\Administrator\Desktop\SERVER\gamemodes\new.pwn:33213 -> modules\auction\design\biznes_centre.pwn:763 -> modules\auction\design\maps.pwn:559)
[20:25:23] [ERROR] cache_get_value_name: field 'pInventory' not found (C:\Users\Administrator\Desktop\SERVER\gamemodes\new.pwn:30603)
[20:25:23] [ERROR] cache_get_value_name: field 'pInventory_cell' not found (C:\Users\Administrator\Desktop\SERVER\gamemodes\new.pwn:30603)
[20:34:06] [ERROR] cache_get_value_name: field 'pInventory' not found (C:\Users\Administrator\Desktop\SERVER\gamemodes\new.pwn:30603)
[20:34:06] [ERROR] cache_get_value_name: field 'pInventory_cell' not found (C:\Users\Administrator\Desktop\SERVER\gamemodes\new.pwn:30603)
[20:36:40] [ERROR] cache_get_value_name: field 'pInventory' not found (C:\Users\Administrator\Desktop\SERVER\gamemodes\new.pwn:30603)
[20:36:40] [ERROR] cache_get_value_name: field 'pInventory_cell' not found (C:\Users\Administrator\Desktop\SERVER\gamemodes\new.pwn:30603)
[20:37:17] [ERROR] cache_get_value_name: field 'pInventory' not found (C:\Users\Administrator\Desktop\SERVER\gamemodes\new.pwn:30603)
[20:37:17] [ERROR] cache_get_value_name: field 'pInventory_cell' not found (C:\Users\Administrator\Desktop\SERVER\gamemodes\new.pwn:30603)
[20:43:18] [ERROR] cache_get_value_name: field 'pInventory' not found (C:\Users\Administrator\Desktop\SERVER\gamemodes\new.pwn:30603)
[20:43:18] [ERROR] cache_get_value_name: field 'pInventory_cell' not found (C:\Users\Administrator\Desktop\SERVER\gamemodes\new.pwn:30603)
[02:24:15] [WARNING] mysql_connect: no password specified (C:\Users\PC-User\Downloads\Compressed\Malika fix error\gamemodes\new.pwn:33212 -> modules\auction\design\biznes_centre.pwn:763 -> modules\auction\design\maps.pwn:559)
[02:45:23] [WARNING] mysql_connect: no password specified (C:\Users\PC-User\Downloads\Compressed\Malika fix error\gamemodes\new.pwn:33212 -> modules\auction\design\biznes_centre.pwn:763 -> modules\auction\design\maps.pwn:559)
[02:46:14] [ERROR] cache_get_value_name: field 'pInventory' not found (C:\Users\PC-User\Downloads\Compressed\Malika fix error\gamemodes\new.pwn:30603)
[02:46:14] [ERROR] cache_get_value_name: field 'pInventory_cell' not found (C:\Users\PC-User\Downloads\Compressed\Malika fix error\gamemodes\new.pwn:30603)
[03:02:14] [ERROR] cache_get_value_name: field 'pInventory' not found (C:\Users\PC-User\Downloads\Compressed\Malika fix error\gamemodes\new.pwn:30603)
[03:02:14] [ERROR] cache_get_value_name: field 'pInventory_cell' not found (C:\Users\PC-User\Downloads\Compressed\Malika fix error\gamemodes\new.pwn:30603)
[03:12:02] [WARNING] mysql_connect: no password specified (C:\Users\PC-User\Downloads\Compressed\Malika fix error\gamemodes\new.pwn:33212 -> modules\auction\design\biznes_centre.pwn:763 -> modules\auction\design\maps.pwn:559)
[03:13:09] [ERROR] cache_get_value_name: field 'pInventory' not found (C:\Users\PC-User\Downloads\Compressed\Malika fix error\gamemodes\new.pwn:30603)
[03:13:09] [ERROR] cache_get_value_name: field 'pInventory_cell' not found (C:\Users\PC-User\Downloads\Compressed\Malika fix error\gamemodes\new.pwn:30603)
[03:21:21] [ERROR] cache_get_value_name: field 'pInventory' not found (C:\Users\PC-User\Downloads\Compressed\Malika fix error\gamemodes\new.pwn:30603)
[03:21:21] [ERROR] cache_get_value_name: field 'pInventory_cell' not found (C:\Users\PC-User\Downloads\Compressed\Malika fix error\gamemodes\new.pwn:30603)
[03:27:04] [WARNING] mysql_connect: no password specified (C:\Users\PC-User\Downloads\Compressed\Malika fix error\gamemodes\new.pwn:33212 -> modules\auction\design\biznes_centre.pwn:763 -> modules\auction\design\maps.pwn:559)
[03:27:55] [ERROR] cache_get_value_name: field 'pInventory' not found (C:\Users\PC-User\Downloads\Compressed\Malika fix error\gamemodes\new.pwn:30603)
[03:27:55] [ERROR] cache_get_value_name: field 'pInventory_cell' not found (C:\Users\PC-User\Downloads\Compressed\Malika fix error\gamemodes\new.pwn:30603)
[03:28:46] [WARNING] mysql_connect: no password specified (C:\Users\PC-User\Downloads\Compressed\Malika fix error\gamemodes\new.pwn:33212 -> modules\auction\design\biznes_centre.pwn:763 -> modules\auction\design\maps.pwn:559)
[03:30:25] [ERROR] cache_get_value_name: field 'pInventory' not found (C:\Users\PC-User\Downloads\Compressed\Malika fix error\gamemodes\new.pwn:30603)
[03:30:25] [ERROR] cache_get_value_name: field 'pInventory_cell' not found (C:\Users\PC-User\Downloads\Compressed\Malika fix error\gamemodes\new.pwn:30603)
[03:38:26] [ERROR] cache_get_value_name: field 'pInventory' not found (C:\Users\PC-User\Downloads\Compressed\Malika fix error\gamemodes\new.pwn:30603)
[03:38:26] [ERROR] cache_get_value_name: field 'pInventory_cell' not found (C:\Users\PC-User\Downloads\Compressed\Malika fix error\gamemodes\new.pwn:30603)
[03:44:56] [ERROR] cache_get_value_name: field 'pInventory' not found (C:\Users\PC-User\Downloads\Compressed\Malika fix error\gamemodes\new.pwn:30603)
[03:44:56] [ERROR] cache_get_value_name: field 'pInventory_cell' not found (C:\Users\PC-User\Downloads\Compressed\Malika fix error\gamemodes\new.pwn:30603)
[03:45:56] [ERROR] cache_get_value_name: field 'pInventory' not found (C:\Users\PC-User\Downloads\Compressed\Malika fix error\gamemodes\new.pwn:30603)
[03:45:56] [ERROR] cache_get_value_name: field 'pInventory_cell' not found (C:\Users\PC-User\Downloads\Compressed\Malika fix error\gamemodes\new.pwn:30603)
[04:00:04] [ERROR] error #1064 while executing query "INSERT INTO `auction_cars` (`id`, `active`, `model`, `color1`, `color2`, `current_rate` `auction_price`, `strength`, `mileage`, `tuning`, `p_tuning`, `winner_id`, `winner`, `delivery_time`, `time` VALUES ('1', '0', '0', '0', '0', '0', '0', '0', '0', '0', ": You have an error in your SQL syntax; check the manual that corresponds to your MariaDB server version for the right syntax to use near '`auction_price`, `strength`, `mileage`, `tuning`, `p_tuning`, `winner_id`, `w...' at line 1 (C:\Users\PC-User\Downloads\Compressed\Malika fix error\gamemodes\new.pwn:30603 -> C:\Users\PC-User\Downloads\Compressed\Malika fix error\pawno\include\nex-ac.inc:3192)
[04:00:04] [ERROR] error #1064 while executing query "INSERT INTO `auction_cars` (`id`, `active`, `model`, `color1`, `color2`, `current_rate` `auction_price`, `strength`, `mileage`, `tuning`, `p_tuning`, `winner_id`, `winner`, `delivery_time`, `time` VALUES ('2', '0', '0', '0', '0', '0', '0', '0', '0', '0', ": You have an error in your SQL syntax; check the manual that corresponds to your MariaDB server version for the right syntax to use near '`auction_price`, `strength`, `mileage`, `tuning`, `p_tuning`, `winner_id`, `w...' at line 1 (C:\Users\PC-User\Downloads\Compressed\Malika fix error\gamemodes\new.pwn:30603 -> C:\Users\PC-User\Downloads\Compressed\Malika fix error\pawno\include\nex-ac.inc:3192)
[04:00:04] [ERROR] error #1064 while executing query "INSERT INTO `auction_cars` (`id`, `active`, `model`, `color1`, `color2`, `current_rate` `auction_price`, `strength`, `mileage`, `tuning`, `p_tuning`, `winner_id`, `winner`, `delivery_time`, `time` VALUES ('3', '0', '0', '0', '0', '0', '0', '0', '0', '0', ": You have an error in your SQL syntax; check the manual that corresponds to your MariaDB server version for the right syntax to use near '`auction_price`, `strength`, `mileage`, `tuning`, `p_tuning`, `winner_id`, `w...' at line 1 (C:\Users\PC-User\Downloads\Compressed\Malika fix error\gamemodes\new.pwn:30603 -> C:\Users\PC-User\Downloads\Compressed\Malika fix error\pawno\include\nex-ac.inc:3192)
[04:00:04] [ERROR] error #1064 while executing query "INSERT INTO `auction_cars` (`id`, `active`, `model`, `color1`, `color2`, `current_rate` `auction_price`, `strength`, `mileage`, `tuning`, `p_tuning`, `winner_id`, `winner`, `delivery_time`, `time` VALUES ('4', '0', '0', '0', '0', '0', '0', '0', '0', '0', ": You have an error in your SQL syntax; check the manual that corresponds to your MariaDB server version for the right syntax to use near '`auction_price`, `strength`, `mileage`, `tuning`, `p_tuning`, `winner_id`, `w...' at line 1 (C:\Users\PC-User\Downloads\Compressed\Malika fix error\gamemodes\new.pwn:30603 -> C:\Users\PC-User\Downloads\Compressed\Malika fix error\pawno\include\nex-ac.inc:3192)
[04:00:04] [ERROR] error #1064 while executing query "INSERT INTO `auction_cars` (`id`, `active`, `model`, `color1`, `color2`, `current_rate` `auction_price`, `strength`, `mileage`, `tuning`, `p_tuning`, `winner_id`, `winner`, `delivery_time`, `time` VALUES ('5', '0', '0', '0', '0', '0', '0', '0', '0', '0', ": You have an error in your SQL syntax; check the manual that corresponds to your MariaDB server version for the right syntax to use near '`auction_price`, `strength`, `mileage`, `tuning`, `p_tuning`, `winner_id`, `w...' at line 1 (C:\Users\PC-User\Downloads\Compressed\Malika fix error\gamemodes\new.pwn:30603 -> C:\Users\PC-User\Downloads\Compressed\Malika fix error\pawno\include\nex-ac.inc:3192)
[04:00:04] [ERROR] error #1064 while executing query "INSERT INTO `auction_cars` (`id`, `active`, `model`, `color1`, `color2`, `current_rate` `auction_price`, `strength`, `mileage`, `tuning`, `p_tuning`, `winner_id`, `winner`, `delivery_time`, `time` VALUES ('6', '0', '0', '0', '0', '0', '0', '0', '0', '0', ": You have an error in your SQL syntax; check the manual that corresponds to your MariaDB server version for the right syntax to use near '`auction_price`, `strength`, `mileage`, `tuning`, `p_tuning`, `winner_id`, `w...' at line 1 (C:\Users\PC-User\Downloads\Compressed\Malika fix error\gamemodes\new.pwn:30603 -> C:\Users\PC-User\Downloads\Compressed\Malika fix error\pawno\include\nex-ac.inc:3192)
[04:00:04] [ERROR] error #1064 while executing query "INSERT INTO `auction_cars` (`id`, `active`, `model`, `color1`, `color2`, `current_rate` `auction_price`, `strength`, `mileage`, `tuning`, `p_tuning`, `winner_id`, `winner`, `delivery_time`, `time` VALUES ('7', '0', '0', '0', '0', '0', '0', '0', '0', '0', ": You have an error in your SQL syntax; check the manual that corresponds to your MariaDB server version for the right syntax to use near '`auction_price`, `strength`, `mileage`, `tuning`, `p_tuning`, `winner_id`, `w...' at line 1 (C:\Users\PC-User\Downloads\Compressed\Malika fix error\gamemodes\new.pwn:30603 -> C:\Users\PC-User\Downloads\Compressed\Malika fix error\pawno\include\nex-ac.inc:3192)
[04:00:04] [ERROR] error #1064 while executing query "INSERT INTO `auction_cars` (`id`, `active`, `model`, `color1`, `color2`, `current_rate` `auction_price`, `strength`, `mileage`, `tuning`, `p_tuning`, `winner_id`, `winner`, `delivery_time`, `time` VALUES ('8', '0', '0', '0', '0', '0', '0', '0', '0', '0', ": You have an error in your SQL syntax; check the manual that corresponds to your MariaDB server version for the right syntax to use near '`auction_price`, `strength`, `mileage`, `tuning`, `p_tuning`, `winner_id`, `w...' at line 1 (C:\Users\PC-User\Downloads\Compressed\Malika fix error\gamemodes\new.pwn:30603 -> C:\Users\PC-User\Downloads\Compressed\Malika fix error\pawno\include\nex-ac.inc:3192)
[04:00:04] [ERROR] error #1064 while executing query "INSERT INTO `auction_cars` (`id`, `active`, `model`, `color1`, `color2`, `current_rate` `auction_price`, `strength`, `mileage`, `tuning`, `p_tuning`, `winner_id`, `winner`, `delivery_time`, `time` VALUES ('9', '0', '0', '0', '0', '0', '0', '0', '0', '0', ": You have an error in your SQL syntax; check the manual that corresponds to your MariaDB server version for the right syntax to use near '`auction_price`, `strength`, `mileage`, `tuning`, `p_tuning`, `winner_id`, `w...' at line 1 (C:\Users\PC-User\Downloads\Compressed\Malika fix error\gamemodes\new.pwn:30603 -> C:\Users\PC-User\Downloads\Compressed\Malika fix error\pawno\include\nex-ac.inc:3192)
[04:00:04] [ERROR] error #1064 while executing query "INSERT INTO `auction_cars` (`id`, `active`, `model`, `color1`, `color2`, `current_rate` `auction_price`, `strength`, `mileage`, `tuning`, `p_tuning`, `winner_id`, `winner`, `delivery_time`, `time` VALUES ('10', '0', '0', '0', '0', '0', '0', '0', '0', '0',": You have an error in your SQL syntax; check the manual that corresponds to your MariaDB server version for the right syntax to use near '`auction_price`, `strength`, `mileage`, `tuning`, `p_tuning`, `winner_id`, `w...' at line 1 (C:\Users\PC-User\Downloads\Compressed\Malika fix error\gamemodes\new.pwn:30603 -> C:\Users\PC-User\Downloads\Compressed\Malika fix error\pawno\include\nex-ac.inc:3192)
[04:00:04] [ERROR] error #1064 while executing query "INSERT INTO `auction_cars` (`id`, `active`, `model`, `color1`, `color2`, `current_rate` `auction_price`, `strength`, `mileage`, `tuning`, `p_tuning`, `winner_id`, `winner`, `delivery_time`, `time` VALUES ('11', '0', '0', '0', '0', '0', '0', '0', '0', '0',": You have an error in your SQL syntax; check the manual that corresponds to your MariaDB server version for the right syntax to use near '`auction_price`, `strength`, `mileage`, `tuning`, `p_tuning`, `winner_id`, `w...' at line 1 (C:\Users\PC-User\Downloads\Compressed\Malika fix error\gamemodes\new.pwn:30603 -> C:\Users\PC-User\Downloads\Compressed\Malika fix error\pawno\include\nex-ac.inc:3192)
[04:00:04] [ERROR] error #1064 while executing query "INSERT INTO `auction_cars` (`id`, `active`, `model`, `color1`, `color2`, `current_rate` `auction_price`, `strength`, `mileage`, `tuning`, `p_tuning`, `winner_id`, `winner`, `delivery_time`, `time` VALUES ('12', '0', '0', '0', '0', '0', '0', '0', '0', '0',": You have an error in your SQL syntax; check the manual that corresponds to your MariaDB server version for the right syntax to use near '`auction_price`, `strength`, `mileage`, `tuning`, `p_tuning`, `winner_id`, `w...' at line 1 (C:\Users\PC-User\Downloads\Compressed\Malika fix error\gamemodes\new.pwn:30603 -> C:\Users\PC-User\Downloads\Compressed\Malika fix error\pawno\include\nex-ac.inc:3192)
[04:00:04] [ERROR] error #1064 while executing query "INSERT INTO `auction_cars` (`id`, `active`, `model`, `color1`, `color2`, `current_rate` `auction_price`, `strength`, `mileage`, `tuning`, `p_tuning`, `winner_id`, `winner`, `delivery_time`, `time` VALUES ('13', '0', '0', '0', '0', '0', '0', '0', '0', '0',": You have an error in your SQL syntax; check the manual that corresponds to your MariaDB server version for the right syntax to use near '`auction_price`, `strength`, `mileage`, `tuning`, `p_tuning`, `winner_id`, `w...' at line 1 (C:\Users\PC-User\Downloads\Compressed\Malika fix error\gamemodes\new.pwn:30603 -> C:\Users\PC-User\Downloads\Compressed\Malika fix error\pawno\include\nex-ac.inc:3192)
[04:00:04] [ERROR] error #1064 while executing query "INSERT INTO `auction_cars` (`id`, `active`, `model`, `color1`, `color2`, `current_rate` `auction_price`, `strength`, `mileage`, `tuning`, `p_tuning`, `winner_id`, `winner`, `delivery_time`, `time` VALUES ('14', '0', '0', '0', '0', '0', '0', '0', '0', '0',": You have an error in your SQL syntax; check the manual that corresponds to your MariaDB server version for the right syntax to use near '`auction_price`, `strength`, `mileage`, `tuning`, `p_tuning`, `winner_id`, `w...' at line 1 (C:\Users\PC-User\Downloads\Compressed\Malika fix error\gamemodes\new.pwn:30603 -> C:\Users\PC-User\Downloads\Compressed\Malika fix error\pawno\include\nex-ac.inc:3192)
[04:00:04] [ERROR] error #1064 while executing query "INSERT INTO `auction_cars` (`id`, `active`, `model`, `color1`, `color2`, `current_rate` `auction_price`, `strength`, `mileage`, `tuning`, `p_tuning`, `winner_id`, `winner`, `delivery_time`, `time` VALUES ('15', '0', '0', '0', '0', '0', '0', '0', '0', '0',": You have an error in your SQL syntax; check the manual that corresponds to your MariaDB server version for the right syntax to use near '`auction_price`, `strength`, `mileage`, `tuning`, `p_tuning`, `winner_id`, `w...' at line 1 (C:\Users\PC-User\Downloads\Compressed\Malika fix error\gamemodes\new.pwn:30603 -> C:\Users\PC-User\Downloads\Compressed\Malika fix error\pawno\include\nex-ac.inc:3192)
[04:00:04] [ERROR] error #1064 while executing query "INSERT INTO `auction_cars` (`id`, `active`, `model`, `color1`, `color2`, `current_rate` `auction_price`, `strength`, `mileage`, `tuning`, `p_tuning`, `winner_id`, `winner`, `delivery_time`, `time` VALUES ('16', '0', '0', '0', '0', '0', '0', '0', '0', '0',": You have an error in your SQL syntax; check the manual that corresponds to your MariaDB server version for the right syntax to use near '`auction_price`, `strength`, `mileage`, `tuning`, `p_tuning`, `winner_id`, `w...' at line 1 (C:\Users\PC-User\Downloads\Compressed\Malika fix error\gamemodes\new.pwn:30603 -> C:\Users\PC-User\Downloads\Compressed\Malika fix error\pawno\include\nex-ac.inc:3192)
[04:00:04] [ERROR] error #1064 while executing query "INSERT INTO `auction_cars` (`id`, `active`, `model`, `color1`, `color2`, `current_rate` `auction_price`, `strength`, `mileage`, `tuning`, `p_tuning`, `winner_id`, `winner`, `delivery_time`, `time` VALUES ('17', '0', '0', '0', '0', '0', '0', '0', '0', '0',": You have an error in your SQL syntax; check the manual that corresponds to your MariaDB server version for the right syntax to use near '`auction_price`, `strength`, `mileage`, `tuning`, `p_tuning`, `winner_id`, `w...' at line 1 (C:\Users\PC-User\Downloads\Compressed\Malika fix error\gamemodes\new.pwn:30603 -> C:\Users\PC-User\Downloads\Compressed\Malika fix error\pawno\include\nex-ac.inc:3192)
[04:00:53] [WARNING] mysql_connect: no password specified (C:\Users\PC-User\Downloads\Compressed\Malika fix error\gamemodes\new.pwn:33212 -> modules\auction\design\biznes_centre.pwn:763 -> modules\auction\design\maps.pwn:559)
[04:01:49] [ERROR] cache_get_value_name: field 'pInventory' not found (C:\Users\PC-User\Downloads\Compressed\Malika fix error\gamemodes\new.pwn:30603)
[04:01:49] [ERROR] cache_get_value_name: field 'pInventory_cell' not found (C:\Users\PC-User\Downloads\Compressed\Malika fix error\gamemodes\new.pwn:30603)
[04:27:31] [WARNING] mysql_connect: no password specified (C:\Users\PC-User\Downloads\Compressed\Malika fix error\gamemodes\new.pwn:33212 -> modules\auction\design\biznes_centre.pwn:763 -> modules\auction\design\maps.pwn:559)
[04:28:09] [ERROR] cache_get_value_name: field 'pInventory' not found (C:\Users\PC-User\Downloads\Compressed\Malika fix error\gamemodes\new.pwn:30603)
[04:28:09] [ERROR] cache_get_value_name: field 'pInventory_cell' not found (C:\Users\PC-User\Downloads\Compressed\Malika fix error\gamemodes\new.pwn:30603)
[05:10:16] [WARNING] mysql_connect: no password specified (C:\Users\PC-User\Downloads\Compressed\Malika fix error\gamemodes\new.pwn:33212 -> modules\auction\design\biznes_centre.pwn:763 -> modules\auction\design\maps.pwn:559)
[05:13:13] [ERROR] cache_get_value_name: field 'pInventory' not found (C:\Users\PC-User\Downloads\Compressed\Malika fix error\gamemodes\new.pwn:30603)
[05:13:13] [ERROR] cache_get_value_name: field 'pInventory_cell' not found (C:\Users\PC-User\Downloads\Compressed\Malika fix error\gamemodes\new.pwn:30603)
[05:18:27] [WARNING] mysql_connect: no password specified (C:\Users\PC-User\Downloads\Compressed\Malika fix error\gamemodes\new.pwn:33212 -> modules\auction\design\biznes_centre.pwn:763 -> modules\auction\design\maps.pwn:559)
[05:18:56] [WARNING] mysql_connect: no password specified (C:\Users\PC-User\Downloads\Compressed\Malika fix error\gamemodes\new.pwn:33212 -> modules\auction\design\biznes_centre.pwn:763 -> modules\auction\design\maps.pwn:559)
[05:19:41] [ERROR] cache_get_value_name: field 'pInventory' not found (C:\Users\PC-User\Downloads\Compressed\Malika fix error\gamemodes\new.pwn:30603)
[05:19:41] [ERROR] cache_get_value_name: field 'pInventory_cell' not found (C:\Users\PC-User\Downloads\Compressed\Malika fix error\gamemodes\new.pwn:30603)
[05:34:15] [ERROR] cache_get_value_name: field 'pInventory' not found (C:\Users\PC-User\Downloads\Compressed\Malika fix error\gamemodes\new.pwn:30603)
[05:34:15] [ERROR] cache_get_value_name: field 'pInventory_cell' not found (C:\Users\PC-User\Downloads\Compressed\Malika fix error\gamemodes\new.pwn:30603)
[05:36:05] [ERROR] cache_get_value_name: field 'pInventory' not found (C:\Users\PC-User\Downloads\Compressed\Malika fix error\gamemodes\new.pwn:30603)
[05:36:05] [ERROR] cache_get_value_name: field 'pInventory_cell' not found (C:\Users\PC-User\Downloads\Compressed\Malika fix error\gamemodes\new.pwn:30603)
[05:50:31] [ERROR] cache_get_value_name: field 'pInventory' not found (C:\Users\PC-User\Downloads\Compressed\Malika fix error\gamemodes\new.pwn:30603)
[05:50:31] [ERROR] cache_get_value_name: field 'pInventory_cell' not found (C:\Users\PC-User\Downloads\Compressed\Malika fix error\gamemodes\new.pwn:30603)
[05:57:27] [ERROR] mysql_format: no value for specifier '%d' passed (C:\Users\PC-User\Downloads\Compressed\Malika fix error\gamemodes\new.pwn:26991 -> C:\Users\PC-User\Downloads\Compressed\Malika fix error\gamemodes\new.pwn:30603 -> C:\Users\PC-User\Downloads\Compressed\Malika fix error\pawno\include\nex-ac.inc:3815)
[06:15:45] [WARNING] mysql_connect: no password specified (C:\Users\PC-User\Downloads\Compressed\Malika fix error\gamemodes\new.pwn:33212 -> modules\auction\design\biznes_centre.pwn:763 -> modules\auction\design\maps.pwn:559)
[06:18:13] [ERROR] cache_get_value_name: field 'pInventory' not found (C:\Users\PC-User\Downloads\Compressed\Malika fix error\gamemodes\new.pwn:30603)
[06:18:13] [ERROR] cache_get_value_name: field 'pInventory_cell' not found (C:\Users\PC-User\Downloads\Compressed\Malika fix error\gamemodes\new.pwn:30603)
[07:33:56] [ERROR] cache_get_value_name: field 'pInventory' not found (C:\Users\PC-User\Downloads\Compressed\Malika fix error\gamemodes\new.pwn:30603)
[07:33:56] [ERROR] cache_get_value_name: field 'pInventory_cell' not found (C:\Users\PC-User\Downloads\Compressed\Malika fix error\gamemodes\new.pwn:30603)
[08:53:59] [ERROR] cache_get_value_name: field 'pInventory' not found (C:\Users\PC-User\Downloads\Compressed\Malika fix error\gamemodes\new.pwn:30603)
[08:53:59] [ERROR] cache_get_value_name: field 'pInventory_cell' not found (C:\Users\PC-User\Downloads\Compressed\Malika fix error\gamemodes\new.pwn:30603)
[10:31:49] [WARNING] mysql_connect: no password specified (C:\Users\PC-User\Downloads\Compressed\Malika fix error\gamemodes\new.pwn:33212 -> modules\auction\design\biznes_centre.pwn:763 -> modules\auction\design\maps.pwn:559)
[10:32:35] [ERROR] cache_get_value_name: field 'pInventory' not found (C:\Users\PC-User\Downloads\Compressed\Malika fix error\gamemodes\new.pwn:30603)
[10:32:35] [ERROR] cache_get_value_name: field 'pInventory_cell' not found (C:\Users\PC-User\Downloads\Compressed\Malika fix error\gamemodes\new.pwn:30603)
[10:55:11] [WARNING] mysql_connect: no password specified (C:\Users\PC-User\Downloads\Compressed\Malika fix error\gamemodes\new.pwn:33212 -> modules\auction\design\biznes_centre.pwn:763 -> modules\auction\design\maps.pwn:559)
[10:56:51] [ERROR] cache_get_value_name: field 'pInventory' not found (C:\Users\PC-User\Downloads\Compressed\Malika fix error\gamemodes\new.pwn:30603)
[10:56:51] [ERROR] cache_get_value_name: field 'pInventory_cell' not found (C:\Users\PC-User\Downloads\Compressed\Malika fix error\gamemodes\new.pwn:30603)
[11:20:29] [WARNING] mysql_connect: no password specified (C:\Users\PC-User\Downloads\Compressed\Malika fix error\gamemodes\new.pwn:33212 -> modules\auction\design\biznes_centre.pwn:763 -> modules\auction\design\maps.pwn:559)
[11:22:56] [ERROR] cache_get_value_name: field 'pInventory' not found (C:\Users\PC-User\Downloads\Compressed\Malika fix error\gamemodes\new.pwn:30603)
[11:22:56] [ERROR] cache_get_value_name: field 'pInventory_cell' not found (C:\Users\PC-User\Downloads\Compressed\Malika fix error\gamemodes\new.pwn:30603)
[12:26:33] [ERROR] cache_get_value_name: field 'pInventory' not found (C:\Users\PC-User\Downloads\Compressed\Malika fix error\gamemodes\new.pwn:30603)
[12:26:33] [ERROR] cache_get_value_name: field 'pInventory_cell' not found (C:\Users\PC-User\Downloads\Compressed\Malika fix error\gamemodes\new.pwn:30603)
[12:33:58] [ERROR] cache_get_value_name: field 'pInventory' not found (C:\Users\PC-User\Downloads\Compressed\Malika fix error\gamemodes\new.pwn:30603)
[12:33:58] [ERROR] cache_get_value_name: field 'pInventory_cell' not found (C:\Users\PC-User\Downloads\Compressed\Malika fix error\gamemodes\new.pwn:30603)
[13:44:05] [WARNING] mysql_connect: no password specified (C:\Users\PC-User\Downloads\Compressed\Malika fix error\gamemodes\new.pwn:33212 -> modules\auction\design\biznes_centre.pwn:763 -> modules\auction\design\maps.pwn:559)
[13:45:25] [ERROR] cache_get_value_name: field 'pInventory' not found (C:\Users\PC-User\Downloads\Compressed\Malika fix error\gamemodes\new.pwn:30603)
[13:45:25] [ERROR] cache_get_value_name: field 'pInventory_cell' not found (C:\Users\PC-User\Downloads\Compressed\Malika fix error\gamemodes\new.pwn:30603)
[13:58:50] [ERROR] cache_get_value_name: field 'pInventory' not found (C:\Users\PC-User\Downloads\Compressed\Malika fix error\gamemodes\new.pwn:30603)
[13:58:50] [ERROR] cache_get_value_name: field 'pInventory_cell' not found (C:\Users\PC-User\Downloads\Compressed\Malika fix error\gamemodes\new.pwn:30603)
[14:06:45] [ERROR] cache_get_value_name: field 'pInventory' not found (C:\Users\PC-User\Downloads\Compressed\Malika fix error\gamemodes\new.pwn:30603)
[14:06:45] [ERROR] cache_get_value_name: field 'pInventory_cell' not found (C:\Users\PC-User\Downloads\Compressed\Malika fix error\gamemodes\new.pwn:30603)
[14:41:39] [WARNING] mysql_connect: no password specified (C:\Users\PC-User\Downloads\Compressed\Malika fix error\gamemodes\new.pwn:33212 -> modules\auction\design\biznes_centre.pwn:763 -> modules\auction\design\maps.pwn:559)
[14:41:58] [WARNING] mysql_connect: no password specified (C:\Users\PC-User\Downloads\Compressed\Malika fix error\gamemodes\new.pwn:33212 -> modules\auction\design\biznes_centre.pwn:763 -> modules\auction\design\maps.pwn:559)
[14:42:38] [ERROR] cache_get_value_name: field 'pInventory' not found (C:\Users\PC-User\Downloads\Compressed\Malika fix error\gamemodes\new.pwn:30603)
[14:42:38] [ERROR] cache_get_value_name: field 'pInventory_cell' not found (C:\Users\PC-User\Downloads\Compressed\Malika fix error\gamemodes\new.pwn:30603)
[17:02:37] [WARNING] mysql_connect: no password specified (C:\Users\PC-User\Downloads\Compressed\Malika fix error\gamemodes\new.pwn:33212 -> modules\auction\design\biznes_centre.pwn:763 -> modules\auction\design\maps.pwn:559)
[17:06:10] [ERROR] cache_get_value_name: field 'pInventory' not found (C:\Users\PC-User\Downloads\Compressed\Malika fix error\gamemodes\new.pwn:30603)
[17:06:10] [ERROR] cache_get_value_name: field 'pInventory_cell' not found (C:\Users\PC-User\Downloads\Compressed\Malika fix error\gamemodes\new.pwn:30603)
[17:06:59] [ERROR] cache_get_value_name: field 'pInventory' not found (C:\Users\PC-User\Downloads\Compressed\Malika fix error\gamemodes\new.pwn:30603)
[17:06:59] [ERROR] cache_get_value_name: field 'pInventory_cell' not found (C:\Users\PC-User\Downloads\Compressed\Malika fix error\gamemodes\new.pwn:30603)
[17:08:25] [ERROR] cache_get_value_name: field 'pInventory' not found (C:\Users\PC-User\Downloads\Compressed\Malika fix error\gamemodes\new.pwn:30603)
[17:08:25] [ERROR] cache_get_value_name: field 'pInventory_cell' not found (C:\Users\PC-User\Downloads\Compressed\Malika fix error\gamemodes\new.pwn:30603)
[17:16:30] [ERROR] cache_get_value_name: field 'pInventory' not found (C:\Users\PC-User\Downloads\Compressed\Malika fix error\gamemodes\new.pwn:30603)
[17:16:30] [ERROR] cache_get_value_name: field 'pInventory_cell' not found (C:\Users\PC-User\Downloads\Compressed\Malika fix error\gamemodes\new.pwn:30603)
[17:19:31] [ERROR] cache_get_value_name: field 'pInventory' not found (C:\Users\PC-User\Downloads\Compressed\Malika fix error\gamemodes\new.pwn:30603)
[17:19:31] [ERROR] cache_get_value_name: field 'pInventory_cell' not found (C:\Users\PC-User\Downloads\Compressed\Malika fix error\gamemodes\new.pwn:30603)
[17:24:05] [ERROR] cache_get_value_name: field 'pInventory' not found (C:\Users\PC-User\Downloads\Compressed\Malika fix error\gamemodes\new.pwn:30603)
[17:24:05] [ERROR] cache_get_value_name: field 'pInventory_cell' not found (C:\Users\PC-User\Downloads\Compressed\Malika fix error\gamemodes\new.pwn:30603)
[17:24:30] [ERROR] cache_get_value_name: field 'pInventory' not found (C:\Users\PC-User\Downloads\Compressed\Malika fix error\gamemodes\new.pwn:30603)
[17:24:30] [ERROR] cache_get_value_name: field 'pInventory_cell' not found (C:\Users\PC-User\Downloads\Compressed\Malika fix error\gamemodes\new.pwn:30603)
[17:26:36] [ERROR] cache_get_value_name: field 'pInventory' not found (C:\Users\PC-User\Downloads\Compressed\Malika fix error\gamemodes\new.pwn:30603)
[17:26:36] [ERROR] cache_get_value_name: field 'pInventory_cell' not found (C:\Users\PC-User\Downloads\Compressed\Malika fix error\gamemodes\new.pwn:30603)
[17:28:42] [ERROR] cache_get_value_name: field 'pInventory' not found (C:\Users\PC-User\Downloads\Compressed\Malika fix error\gamemodes\new.pwn:30603)
[17:28:42] [ERROR] cache_get_value_name: field 'pInventory_cell' not found (C:\Users\PC-User\Downloads\Compressed\Malika fix error\gamemodes\new.pwn:30603)
[17:29:50] [ERROR] cache_get_value_name: field 'pInventory' not found (C:\Users\PC-User\Downloads\Compressed\Malika fix error\gamemodes\new.pwn:30603)
[17:29:50] [ERROR] cache_get_value_name: field 'pInventory_cell' not found (C:\Users\PC-User\Downloads\Compressed\Malika fix error\gamemodes\new.pwn:30603)
[17:32:37] [ERROR] cache_get_value_name: field 'pInventory' not found (C:\Users\PC-User\Downloads\Compressed\Malika fix error\gamemodes\new.pwn:30603)
[17:32:37] [ERROR] cache_get_value_name: field 'pInventory_cell' not found (C:\Users\PC-User\Downloads\Compressed\Malika fix error\gamemodes\new.pwn:30603)
[17:33:11] [ERROR] cache_get_value_name: field 'pInventory' not found (C:\Users\PC-User\Downloads\Compressed\Malika fix error\gamemodes\new.pwn:30603)
[17:33:11] [ERROR] cache_get_value_name: field 'pInventory_cell' not found (C:\Users\PC-User\Downloads\Compressed\Malika fix error\gamemodes\new.pwn:30603)
[17:44:58] [ERROR] cache_get_value_name: field 'pInventory' not found (C:\Users\PC-User\Downloads\Compressed\Malika fix error\gamemodes\new.pwn:30603)
[17:44:58] [ERROR] cache_get_value_name: field 'pInventory_cell' not found (C:\Users\PC-User\Downloads\Compressed\Malika fix error\gamemodes\new.pwn:30603)
[17:47:17] [ERROR] cache_get_value_name: field 'pInventory' not found (C:\Users\PC-User\Downloads\Compressed\Malika fix error\gamemodes\new.pwn:30603)
[17:47:17] [ERROR] cache_get_value_name: field 'pInventory_cell' not found (C:\Users\PC-User\Downloads\Compressed\Malika fix error\gamemodes\new.pwn:30603)
[17:52:10] [ERROR] cache_get_value_name: field 'pInventory' not found (C:\Users\PC-User\Downloads\Compressed\Malika fix error\gamemodes\new.pwn:30603)
[17:52:10] [ERROR] cache_get_value_name: field 'pInventory_cell' not found (C:\Users\PC-User\Downloads\Compressed\Malika fix error\gamemodes\new.pwn:30603)
[17:56:16] [ERROR] cache_get_value_name: field 'pInventory' not found (C:\Users\PC-User\Downloads\Compressed\Malika fix error\gamemodes\new.pwn:30603)
[17:56:16] [ERROR] cache_get_value_name: field 'pInventory_cell' not found (C:\Users\PC-User\Downloads\Compressed\Malika fix error\gamemodes\new.pwn:30603)
[17:59:20] [ERROR] cache_get_value_name: field 'pInventory' not found (C:\Users\PC-User\Downloads\Compressed\Malika fix error\gamemodes\new.pwn:30603)
[17:59:20] [ERROR] cache_get_value_name: field 'pInventory_cell' not found (C:\Users\PC-User\Downloads\Compressed\Malika fix error\gamemodes\new.pwn:30603)
[18:01:39] [ERROR] mysql_format: no value for specifier '%d' passed (C:\Users\PC-User\Downloads\Compressed\Malika fix error\gamemodes\new.pwn:26991 -> C:\Users\PC-User\Downloads\Compressed\Malika fix error\gamemodes\new.pwn:30603 -> C:\Users\PC-User\Downloads\Compressed\Malika fix error\pawno\include\nex-ac.inc:3815)
[18:02:41] [ERROR] mysql_format: no value for specifier '%d' passed (C:\Users\PC-User\Downloads\Compressed\Malika fix error\gamemodes\new.pwn:26991 -> C:\Users\PC-User\Downloads\Compressed\Malika fix error\gamemodes\new.pwn:30603 -> C:\Users\PC-User\Downloads\Compressed\Malika fix error\pawno\include\nex-ac.inc:3815)
[18:04:52] [ERROR] cache_get_value_name: field 'pInventory' not found (C:\Users\PC-User\Downloads\Compressed\Malika fix error\gamemodes\new.pwn:30603)
[18:04:52] [ERROR] cache_get_value_name: field 'pInventory_cell' not found (C:\Users\PC-User\Downloads\Compressed\Malika fix error\gamemodes\new.pwn:30603)
[18:07:16] [ERROR] cache_get_value_name: field 'pInventory' not found (C:\Users\PC-User\Downloads\Compressed\Malika fix error\gamemodes\new.pwn:30603)
[18:07:16] [ERROR] cache_get_value_name: field 'pInventory_cell' not found (C:\Users\PC-User\Downloads\Compressed\Malika fix error\gamemodes\new.pwn:30603)
[18:09:00] [ERROR] mysql_format: no value for specifier '%d' passed (C:\Users\PC-User\Downloads\Compressed\Malika fix error\gamemodes\new.pwn:26991 -> C:\Users\PC-User\Downloads\Compressed\Malika fix error\gamemodes\new.pwn:30603 -> C:\Users\PC-User\Downloads\Compressed\Malika fix error\pawno\include\nex-ac.inc:3815)
[18:09:29] [ERROR] mysql_format: no value for specifier '%d' passed (C:\Users\PC-User\Downloads\Compressed\Malika fix error\gamemodes\new.pwn:26991 -> C:\Users\PC-User\Downloads\Compressed\Malika fix error\gamemodes\new.pwn:30603 -> C:\Users\PC-User\Downloads\Compressed\Malika fix error\pawno\include\nex-ac.inc:3815)
[18:12:48] [ERROR] cache_get_value_name: field 'pInventory' not found (C:\Users\PC-User\Downloads\Compressed\Malika fix error\gamemodes\new.pwn:30603)
[18:12:48] [ERROR] cache_get_value_name: field 'pInventory_cell' not found (C:\Users\PC-User\Downloads\Compressed\Malika fix error\gamemodes\new.pwn:30603)
[18:26:09] [ERROR] cache_get_value_name: field 'pInventory' not found (C:\Users\PC-User\Downloads\Compressed\Malika fix error\gamemodes\new.pwn:30603)
[18:26:09] [ERROR] cache_get_value_name: field 'pInventory_cell' not found (C:\Users\PC-User\Downloads\Compressed\Malika fix error\gamemodes\new.pwn:30603)
[18:26:27] [ERROR] cache_get_value_name: field 'pInventory' not found (C:\Users\PC-User\Downloads\Compressed\Malika fix error\gamemodes\new.pwn:30603)
[18:26:27] [ERROR] cache_get_value_name: field 'pInventory_cell' not found (C:\Users\PC-User\Downloads\Compressed\Malika fix error\gamemodes\new.pwn:30603)
[10:27:30] [WARNING] mysql_connect: no password specified (C:\Users\PC-User\Downloads\Compressed\Malika fix error\gamemodes\new.pwn:33212 -> modules\auction\design\biznes_centre.pwn:763 -> modules\auction\design\maps.pwn:559)
[10:29:54] [ERROR] cache_get_value_name: field 'pInventory' not found (C:\Users\PC-User\Downloads\Compressed\Malika fix error\gamemodes\new.pwn:30603)
[10:29:54] [ERROR] cache_get_value_name: field 'pInventory_cell' not found (C:\Users\PC-User\Downloads\Compressed\Malika fix error\gamemodes\new.pwn:30603)
[11:39:31] [ERROR] cache_get_value_name: field 'pInventory' not found (C:\Users\PC-User\Downloads\Compressed\Malika fix error\gamemodes\new.pwn:30603)
[11:39:31] [ERROR] cache_get_value_name: field 'pInventory_cell' not found (C:\Users\PC-User\Downloads\Compressed\Malika fix error\gamemodes\new.pwn:30603)
[12:00:40] [ERROR] cache_get_value_name: field 'pInventory' not found (C:\Users\PC-User\Downloads\Compressed\Malika fix error\gamemodes\new.pwn:30603)
[12:00:40] [ERROR] cache_get_value_name: field 'pInventory_cell' not found (C:\Users\PC-User\Downloads\Compressed\Malika fix error\gamemodes\new.pwn:30603)
[12:45:45] [WARNING] mysql_connect: no password specified (C:\Users\PC-User\Downloads\Compressed\Malika fix error\gamemodes\new.pwn:33212 -> modules\auction\design\biznes_centre.pwn:763 -> modules\auction\design\maps.pwn:559)
[12:46:30] [ERROR] cache_get_value_name: field 'pInventory' not found (C:\Users\PC-User\Downloads\Compressed\Malika fix error\gamemodes\new.pwn:30603)
[12:46:30] [ERROR] cache_get_value_name: field 'pInventory_cell' not found (C:\Users\PC-User\Downloads\Compressed\Malika fix error\gamemodes\new.pwn:30603)
[03:01:53] [WARNING] mysql_connect: no password specified (C:\Users\PC-User\Downloads\Compressed\Malika fix error\gamemodes\new.pwn:33212 -> modules\auction\design\biznes_centre.pwn:763 -> modules\auction\design\maps.pwn:559)
[03:04:40] [ERROR] cache_get_value_name: field 'pInventory' not found (C:\Users\PC-User\Downloads\Compressed\Malika fix error\gamemodes\new.pwn:30603)
[03:04:40] [ERROR] cache_get_value_name: field 'pInventory_cell' not found (C:\Users\PC-User\Downloads\Compressed\Malika fix error\gamemodes\new.pwn:30603)
[04:00:06] [ERROR] error #1064 while executing query "INSERT INTO `auction_cars` (`id`, `active`, `model`, `color1`, `color2`, `current_rate` `auction_price`, `strength`, `mileage`, `tuning`, `p_tuning`, `winner_id`, `winner`, `delivery_time`, `time` VALUES ('1', '0', '0', '0', '0', '0', '0', '0', '0', '0', ": You have an error in your SQL syntax; check the manual that corresponds to your MariaDB server version for the right syntax to use near '`auction_price`, `strength`, `mileage`, `tuning`, `p_tuning`, `winner_id`, `w...' at line 1 (C:\Users\PC-User\Downloads\Compressed\Malika fix error\gamemodes\new.pwn:30603 -> C:\Users\PC-User\Downloads\Compressed\Malika fix error\pawno\include\nex-ac.inc:3192)
[04:00:06] [ERROR] error #1064 while executing query "INSERT INTO `auction_cars` (`id`, `active`, `model`, `color1`, `color2`, `current_rate` `auction_price`, `strength`, `mileage`, `tuning`, `p_tuning`, `winner_id`, `winner`, `delivery_time`, `time` VALUES ('2', '0', '0', '0', '0', '0', '0', '0', '0', '0', ": You have an error in your SQL syntax; check the manual that corresponds to your MariaDB server version for the right syntax to use near '`auction_price`, `strength`, `mileage`, `tuning`, `p_tuning`, `winner_id`, `w...' at line 1 (C:\Users\PC-User\Downloads\Compressed\Malika fix error\gamemodes\new.pwn:30603 -> C:\Users\PC-User\Downloads\Compressed\Malika fix error\pawno\include\nex-ac.inc:3192)
[04:00:06] [ERROR] error #1064 while executing query "INSERT INTO `auction_cars` (`id`, `active`, `model`, `color1`, `color2`, `current_rate` `auction_price`, `strength`, `mileage`, `tuning`, `p_tuning`, `winner_id`, `winner`, `delivery_time`, `time` VALUES ('3', '0', '0', '0', '0', '0', '0', '0', '0', '0', ": You have an error in your SQL syntax; check the manual that corresponds to your MariaDB server version for the right syntax to use near '`auction_price`, `strength`, `mileage`, `tuning`, `p_tuning`, `winner_id`, `w...' at line 1 (C:\Users\PC-User\Downloads\Compressed\Malika fix error\gamemodes\new.pwn:30603 -> C:\Users\PC-User\Downloads\Compressed\Malika fix error\pawno\include\nex-ac.inc:3192)
[04:00:06] [ERROR] error #1064 while executing query "INSERT INTO `auction_cars` (`id`, `active`, `model`, `color1`, `color2`, `current_rate` `auction_price`, `strength`, `mileage`, `tuning`, `p_tuning`, `winner_id`, `winner`, `delivery_time`, `time` VALUES ('4', '0', '0', '0', '0', '0', '0', '0', '0', '0', ": You have an error in your SQL syntax; check the manual that corresponds to your MariaDB server version for the right syntax to use near '`auction_price`, `strength`, `mileage`, `tuning`, `p_tuning`, `winner_id`, `w...' at line 1 (C:\Users\PC-User\Downloads\Compressed\Malika fix error\gamemodes\new.pwn:30603 -> C:\Users\PC-User\Downloads\Compressed\Malika fix error\pawno\include\nex-ac.inc:3192)
[04:00:06] [ERROR] error #1064 while executing query "INSERT INTO `auction_cars` (`id`, `active`, `model`, `color1`, `color2`, `current_rate` `auction_price`, `strength`, `mileage`, `tuning`, `p_tuning`, `winner_id`, `winner`, `delivery_time`, `time` VALUES ('5', '0', '0', '0', '0', '0', '0', '0', '0', '0', ": You have an error in your SQL syntax; check the manual that corresponds to your MariaDB server version for the right syntax to use near '`auction_price`, `strength`, `mileage`, `tuning`, `p_tuning`, `winner_id`, `w...' at line 1 (C:\Users\PC-User\Downloads\Compressed\Malika fix error\gamemodes\new.pwn:30603 -> C:\Users\PC-User\Downloads\Compressed\Malika fix error\pawno\include\nex-ac.inc:3192)
[04:00:06] [ERROR] error #1064 while executing query "INSERT INTO `auction_cars` (`id`, `active`, `model`, `color1`, `color2`, `current_rate` `auction_price`, `strength`, `mileage`, `tuning`, `p_tuning`, `winner_id`, `winner`, `delivery_time`, `time` VALUES ('6', '0', '0', '0', '0', '0', '0', '0', '0', '0', ": You have an error in your SQL syntax; check the manual that corresponds to your MariaDB server version for the right syntax to use near '`auction_price`, `strength`, `mileage`, `tuning`, `p_tuning`, `winner_id`, `w...' at line 1 (C:\Users\PC-User\Downloads\Compressed\Malika fix error\gamemodes\new.pwn:30603 -> C:\Users\PC-User\Downloads\Compressed\Malika fix error\pawno\include\nex-ac.inc:3192)
[04:00:06] [ERROR] error #1064 while executing query "INSERT INTO `auction_cars` (`id`, `active`, `model`, `color1`, `color2`, `current_rate` `auction_price`, `strength`, `mileage`, `tuning`, `p_tuning`, `winner_id`, `winner`, `delivery_time`, `time` VALUES ('7', '0', '0', '0', '0', '0', '0', '0', '0', '0', ": You have an error in your SQL syntax; check the manual that corresponds to your MariaDB server version for the right syntax to use near '`auction_price`, `strength`, `mileage`, `tuning`, `p_tuning`, `winner_id`, `w...' at line 1 (C:\Users\PC-User\Downloads\Compressed\Malika fix error\gamemodes\new.pwn:30603 -> C:\Users\PC-User\Downloads\Compressed\Malika fix error\pawno\include\nex-ac.inc:3192)
[04:00:06] [ERROR] error #1064 while executing query "INSERT INTO `auction_cars` (`id`, `active`, `model`, `color1`, `color2`, `current_rate` `auction_price`, `strength`, `mileage`, `tuning`, `p_tuning`, `winner_id`, `winner`, `delivery_time`, `time` VALUES ('8', '0', '0', '0', '0', '0', '0', '0', '0', '0', ": You have an error in your SQL syntax; check the manual that corresponds to your MariaDB server version for the right syntax to use near '`auction_price`, `strength`, `mileage`, `tuning`, `p_tuning`, `winner_id`, `w...' at line 1 (C:\Users\PC-User\Downloads\Compressed\Malika fix error\gamemodes\new.pwn:30603 -> C:\Users\PC-User\Downloads\Compressed\Malika fix error\pawno\include\nex-ac.inc:3192)
[04:00:06] [ERROR] error #1064 while executing query "INSERT INTO `auction_cars` (`id`, `active`, `model`, `color1`, `color2`, `current_rate` `auction_price`, `strength`, `mileage`, `tuning`, `p_tuning`, `winner_id`, `winner`, `delivery_time`, `time` VALUES ('9', '0', '0', '0', '0', '0', '0', '0', '0', '0', ": You have an error in your SQL syntax; check the manual that corresponds to your MariaDB server version for the right syntax to use near '`auction_price`, `strength`, `mileage`, `tuning`, `p_tuning`, `winner_id`, `w...' at line 1 (C:\Users\PC-User\Downloads\Compressed\Malika fix error\gamemodes\new.pwn:30603 -> C:\Users\PC-User\Downloads\Compressed\Malika fix error\pawno\include\nex-ac.inc:3192)
[04:00:06] [ERROR] error #1064 while executing query "INSERT INTO `auction_cars` (`id`, `active`, `model`, `color1`, `color2`, `current_rate` `auction_price`, `strength`, `mileage`, `tuning`, `p_tuning`, `winner_id`, `winner`, `delivery_time`, `time` VALUES ('10', '0', '0', '0', '0', '0', '0', '0', '0', '0',": You have an error in your SQL syntax; check the manual that corresponds to your MariaDB server version for the right syntax to use near '`auction_price`, `strength`, `mileage`, `tuning`, `p_tuning`, `winner_id`, `w...' at line 1 (C:\Users\PC-User\Downloads\Compressed\Malika fix error\gamemodes\new.pwn:30603 -> C:\Users\PC-User\Downloads\Compressed\Malika fix error\pawno\include\nex-ac.inc:3192)
[04:00:06] [ERROR] error #1064 while executing query "INSERT INTO `auction_cars` (`id`, `active`, `model`, `color1`, `color2`, `current_rate` `auction_price`, `strength`, `mileage`, `tuning`, `p_tuning`, `winner_id`, `winner`, `delivery_time`, `time` VALUES ('11', '0', '0', '0', '0', '0', '0', '0', '0', '0',": You have an error in your SQL syntax; check the manual that corresponds to your MariaDB server version for the right syntax to use near '`auction_price`, `strength`, `mileage`, `tuning`, `p_tuning`, `winner_id`, `w...' at line 1 (C:\Users\PC-User\Downloads\Compressed\Malika fix error\gamemodes\new.pwn:30603 -> C:\Users\PC-User\Downloads\Compressed\Malika fix error\pawno\include\nex-ac.inc:3192)
[04:00:06] [ERROR] error #1064 while executing query "INSERT INTO `auction_cars` (`id`, `active`, `model`, `color1`, `color2`, `current_rate` `auction_price`, `strength`, `mileage`, `tuning`, `p_tuning`, `winner_id`, `winner`, `delivery_time`, `time` VALUES ('12', '0', '0', '0', '0', '0', '0', '0', '0', '0',": You have an error in your SQL syntax; check the manual that corresponds to your MariaDB server version for the right syntax to use near '`auction_price`, `strength`, `mileage`, `tuning`, `p_tuning`, `winner_id`, `w...' at line 1 (C:\Users\PC-User\Downloads\Compressed\Malika fix error\gamemodes\new.pwn:30603 -> C:\Users\PC-User\Downloads\Compressed\Malika fix error\pawno\include\nex-ac.inc:3192)
[04:00:06] [ERROR] error #1064 while executing query "INSERT INTO `auction_cars` (`id`, `active`, `model`, `color1`, `color2`, `current_rate` `auction_price`, `strength`, `mileage`, `tuning`, `p_tuning`, `winner_id`, `winner`, `delivery_time`, `time` VALUES ('13', '0', '0', '0', '0', '0', '0', '0', '0', '0',": You have an error in your SQL syntax; check the manual that corresponds to your MariaDB server version for the right syntax to use near '`auction_price`, `strength`, `mileage`, `tuning`, `p_tuning`, `winner_id`, `w...' at line 1 (C:\Users\PC-User\Downloads\Compressed\Malika fix error\gamemodes\new.pwn:30603 -> C:\Users\PC-User\Downloads\Compressed\Malika fix error\pawno\include\nex-ac.inc:3192)
[04:00:06] [ERROR] error #1064 while executing query "INSERT INTO `auction_cars` (`id`, `active`, `model`, `color1`, `color2`, `current_rate` `auction_price`, `strength`, `mileage`, `tuning`, `p_tuning`, `winner_id`, `winner`, `delivery_time`, `time` VALUES ('14', '0', '0', '0', '0', '0', '0', '0', '0', '0',": You have an error in your SQL syntax; check the manual that corresponds to your MariaDB server version for the right syntax to use near '`auction_price`, `strength`, `mileage`, `tuning`, `p_tuning`, `winner_id`, `w...' at line 1 (C:\Users\PC-User\Downloads\Compressed\Malika fix error\gamemodes\new.pwn:30603 -> C:\Users\PC-User\Downloads\Compressed\Malika fix error\pawno\include\nex-ac.inc:3192)
[04:00:06] [ERROR] error #1064 while executing query "INSERT INTO `auction_cars` (`id`, `active`, `model`, `color1`, `color2`, `current_rate` `auction_price`, `strength`, `mileage`, `tuning`, `p_tuning`, `winner_id`, `winner`, `delivery_time`, `time` VALUES ('15', '0', '0', '0', '0', '0', '0', '0', '0', '0',": You have an error in your SQL syntax; check the manual that corresponds to your MariaDB server version for the right syntax to use near '`auction_price`, `strength`, `mileage`, `tuning`, `p_tuning`, `winner_id`, `w...' at line 1 (C:\Users\PC-User\Downloads\Compressed\Malika fix error\gamemodes\new.pwn:30603 -> C:\Users\PC-User\Downloads\Compressed\Malika fix error\pawno\include\nex-ac.inc:3192)
[04:00:06] [ERROR] error #1064 while executing query "INSERT INTO `auction_cars` (`id`, `active`, `model`, `color1`, `color2`, `current_rate` `auction_price`, `strength`, `mileage`, `tuning`, `p_tuning`, `winner_id`, `winner`, `delivery_time`, `time` VALUES ('16', '0', '0', '0', '0', '0', '0', '0', '0', '0',": You have an error in your SQL syntax; check the manual that corresponds to your MariaDB server version for the right syntax to use near '`auction_price`, `strength`, `mileage`, `tuning`, `p_tuning`, `winner_id`, `w...' at line 1 (C:\Users\PC-User\Downloads\Compressed\Malika fix error\gamemodes\new.pwn:30603 -> C:\Users\PC-User\Downloads\Compressed\Malika fix error\pawno\include\nex-ac.inc:3192)
[04:00:06] [ERROR] error #1064 while executing query "INSERT INTO `auction_cars` (`id`, `active`, `model`, `color1`, `color2`, `current_rate` `auction_price`, `strength`, `mileage`, `tuning`, `p_tuning`, `winner_id`, `winner`, `delivery_time`, `time` VALUES ('17', '0', '0', '0', '0', '0', '0', '0', '0', '0',": You have an error in your SQL syntax; check the manual that corresponds to your MariaDB server version for the right syntax to use near '`auction_price`, `strength`, `mileage`, `tuning`, `p_tuning`, `winner_id`, `w...' at line 1 (C:\Users\PC-User\Downloads\Compressed\Malika fix error\gamemodes\new.pwn:30603 -> C:\Users\PC-User\Downloads\Compressed\Malika fix error\pawno\include\nex-ac.inc:3192)
[04:04:13] [ERROR] cache_get_value_name: field 'pInventory' not found (C:\Users\PC-User\Downloads\Compressed\Malika fix error\gamemodes\new.pwn:30603)
[04:04:13] [ERROR] cache_get_value_name: field 'pInventory_cell' not found (C:\Users\PC-User\Downloads\Compressed\Malika fix error\gamemodes\new.pwn:30603)
[15:24:41] [WARNING] mysql_connect: no password specified (C:\Users\PC-User\Downloads\Compressed\Malika fix error\gamemodes\new.pwn:33212 -> modules\auction\design\biznes_centre.pwn:763 -> modules\auction\design\maps.pwn:559)
[15:42:12] [ERROR] cache_get_value_name: field 'pInventory' not found (C:\Users\PC-User\Downloads\Compressed\Malika fix error\gamemodes\new.pwn:30603)
[15:42:12] [ERROR] cache_get_value_name: field 'pInventory_cell' not found (C:\Users\PC-User\Downloads\Compressed\Malika fix error\gamemodes\new.pwn:30603)
[15:47:32] [ERROR] cache_get_value_name: field 'pInventory' not found (C:\Users\PC-User\Downloads\Compressed\Malika fix error\gamemodes\new.pwn:30603)
[15:47:32] [ERROR] cache_get_value_name: field 'pInventory_cell' not found (C:\Users\PC-User\Downloads\Compressed\Malika fix error\gamemodes\new.pwn:30603)
[14:06:00] [WARNING] mysql_connect: no password specified (C:\Users\PC-User\Downloads\Compressed\Malika fix error\gamemodes\new.pwn:33212 -> modules\auction\design\biznes_centre.pwn:763 -> modules\auction\design\maps.pwn:559)
[14:06:17] [WARNING] mysql_connect: no password specified (C:\Users\PC-User\Downloads\Compressed\Malika fix error\gamemodes\new.pwn:33212 -> modules\auction\design\biznes_centre.pwn:763 -> modules\auction\design\maps.pwn:559)
[14:07:49] [ERROR] cache_get_value_name: field 'pInventory' not found (C:\Users\PC-User\Downloads\Compressed\Malika fix error\gamemodes\new.pwn:30603)
[14:07:49] [ERROR] cache_get_value_name: field 'pInventory_cell' not found (C:\Users\PC-User\Downloads\Compressed\Malika fix error\gamemodes\new.pwn:30603)
[14:44:48] [WARNING] mysql_connect: no password specified (C:\Users\PC-User\Downloads\Compressed\Malika fix error\gamemodes\new.pwn:33212 -> modules\auction\design\biznes_centre.pwn:763 -> modules\auction\design\maps.pwn:559)
[14:46:23] [WARNING] mysql_connect: no password specified (C:\Users\PC-User\Downloads\Compressed\Malika fix error\gamemodes\new.pwn:33212 -> modules\auction\design\biznes_centre.pwn:763 -> modules\auction\design\maps.pwn:559)
[14:47:15] [ERROR] cache_get_value_name: field 'pInventory' not found (C:\Users\PC-User\Downloads\Compressed\Malika fix error\gamemodes\new.pwn:30603)
[14:47:15] [ERROR] cache_get_value_name: field 'pInventory_cell' not found (C:\Users\PC-User\Downloads\Compressed\Malika fix error\gamemodes\new.pwn:30603)
[15:45:46] [ERROR] cache_get_value_name: field 'pInventory' not found (C:\Users\PC-User\Downloads\Compressed\Malika fix error\gamemodes\new.pwn:30603)
[15:45:46] [ERROR] cache_get_value_name: field 'pInventory_cell' not found (C:\Users\PC-User\Downloads\Compressed\Malika fix error\gamemodes\new.pwn:30603)
[15:49:32] [WARNING] mysql_connect: no password specified (C:\Users\PC-User\Downloads\Compressed\Malika fix error\gamemodes\new.pwn:33212 -> modules\auction\design\biznes_centre.pwn:763 -> modules\auction\design\maps.pwn:559)
[15:50:29] [ERROR] cache_get_value_name: field 'pInventory' not found (C:\Users\PC-User\Downloads\Compressed\Malika fix error\gamemodes\new.pwn:30603)
[15:50:29] [ERROR] cache_get_value_name: field 'pInventory_cell' not found (C:\Users\PC-User\Downloads\Compressed\Malika fix error\gamemodes\new.pwn:30603)
[16:55:14] [ERROR] cache_get_value_name: field 'pInventory' not found (C:\Users\PC-User\Downloads\Compressed\Malika fix error\gamemodes\new.pwn:30603)
[16:55:14] [ERROR] cache_get_value_name: field 'pInventory_cell' not found (C:\Users\PC-User\Downloads\Compressed\Malika fix error\gamemodes\new.pwn:30603)
[08:31:19] [WARNING] mysql_connect: no password specified (C:\Users\PC-User\Downloads\Compressed\Malika fix error\gamemodes\new.pwn:33212 -> modules\auction\design\biznes_centre.pwn:763 -> modules\auction\design\maps.pwn:559)
[11:18:41] [WARNING] mysql_connect: no password specified (C:\Users\PC-User\Downloads\Compressed\Malika fix error\gamemodes\new.pwn:33212 -> modules\auction\design\biznes_centre.pwn:763 -> modules\auction\design\maps.pwn:559)
[20:38:51] [WARNING] mysql_connect: no password specified (C:\Users\PC-User\Downloads\Compressed\Malika fix error\gamemodes\new.pwn:33212 -> modules\auction\design\biznes_centre.pwn:763 -> modules\auction\design\maps.pwn:559)
[20:39:58] [WARNING] mysql_connect: no password specified (C:\Users\PC-User\Downloads\Compressed\Malika fix error\gamemodes\new.pwn:33212 -> modules\auction\design\biznes_centre.pwn:763 -> modules\auction\design\maps.pwn:559)
[20:40:00] [ERROR] CConnection::CConnection - establishing connection to MySQL database failed: #2002 'Can't connect to MySQL server on '127.0.0.1' (10061)'
[20:40:08] [ERROR] cache_delete: invalid cache id '0' (C:\Users\PC-User\Downloads\Compressed\Malika fix error\gamemodes\new.pwn:30603)
[20:40:08] [ERROR] cache_delete: invalid cache id '0' (C:\Users\PC-User\Downloads\Compressed\Malika fix error\gamemodes\new.pwn:30603)
[20:40:08] [ERROR] cache_delete: invalid cache id '0' (C:\Users\PC-User\Downloads\Compressed\Malika fix error\gamemodes\new.pwn:30603)
[20:40:08] [ERROR] cache_delete: invalid cache id '0' (C:\Users\PC-User\Downloads\Compressed\Malika fix error\gamemodes\new.pwn:30603)
[20:40:08] [ERROR] cache_delete: invalid cache id '0' (C:\Users\PC-User\Downloads\Compressed\Malika fix error\gamemodes\new.pwn:30603)
[20:40:08] [ERROR] cache_delete: invalid cache id '0' (C:\Users\PC-User\Downloads\Compressed\Malika fix error\gamemodes\new.pwn:30603)
[20:40:08] [ERROR] cache_delete: invalid cache id '0' (C:\Users\PC-User\Downloads\Compressed\Malika fix error\gamemodes\new.pwn:30603)
[20:40:08] [ERROR] cache_delete: invalid cache id '0' (C:\Users\PC-User\Downloads\Compressed\Malika fix error\gamemodes\new.pwn:30603)
[20:40:08] [ERROR] cache_delete: invalid cache id '0' (C:\Users\PC-User\Downloads\Compressed\Malika fix error\gamemodes\new.pwn:30603)
[21:03:32] [WARNING] mysql_connect: no password specified (C:\Users\PC-User\Downloads\Compressed\Malika fix error\gamemodes\new.pwn:33212 -> modules\auction\design\biznes_centre.pwn:763 -> modules\auction\design\maps.pwn:559)
[21:04:42] [ERROR] cache_get_value_name: field 'pInventory' not found (C:\Users\PC-User\Downloads\Compressed\Malika fix error\gamemodes\new.pwn:30603)
[21:04:42] [ERROR] cache_get_value_name: field 'pInventory_cell' not found (C:\Users\PC-User\Downloads\Compressed\Malika fix error\gamemodes\new.pwn:30603)
[21:10:02] [WARNING] mysql_connect: no password specified (C:\Users\PC-User\Downloads\Compressed\Malika fix error\gamemodes\new.pwn:33212 -> modules\auction\design\biznes_centre.pwn:763 -> modules\auction\design\maps.pwn:559)
[23:51:58] [WARNING] mysql_connect: no password specified (C:\Users\PC-User\Downloads\Compressed\Malika fix error\gamemodes\new.pwn:33212 -> modules\auction\design\biznes_centre.pwn:763 -> modules\auction\design\maps.pwn:559)
[23:52:00] [ERROR] CConnection::CConnection - establishing connection to MySQL database failed: #2002 'Can't connect to MySQL server on '127.0.0.1' (10061)'
[23:52:02] [ERROR] CConnection::CConnection - establishing connection to MySQL database failed: #2002 'Can't connect to MySQL server on '127.0.0.1' (10061)'
[23:52:04] [ERROR] CConnection::CConnection - establishing connection to MySQL database failed: #2002 'Can't connect to MySQL server on '127.0.0.1' (10061)'
[23:52:06] [ERROR] CConnection::CConnection - establishing connection to MySQL database failed: #2002 'Can't connect to MySQL server on '127.0.0.1' (10061)'
[23:52:32] [WARNING] mysql_connect: no password specified (C:\Users\PC-User\Downloads\Compressed\Malika fix error\gamemodes\new.pwn:33212 -> modules\auction\design\biznes_centre.pwn:763 -> modules\auction\design\maps.pwn:559)
[23:52:34] [ERROR] CConnection::CConnection - establishing connection to MySQL database failed: #2002 'Can't connect to MySQL server on '127.0.0.1' (10061)'
[23:52:36] [ERROR] CConnection::CConnection - establishing connection to MySQL database failed: #2002 'Can't connect to MySQL server on '127.0.0.1' (10061)'
[23:52:38] [ERROR] CConnection::CConnection - establishing connection to MySQL database failed: #2002 'Can't connect to MySQL server on '127.0.0.1' (10061)'
[23:52:40] [ERROR] CConnection::CConnection - establishing connection to MySQL database failed: #2002 'Can't connect to MySQL server on '127.0.0.1' (10061)'
[23:54:12] [WARNING] mysql_connect: no password specified (C:\Users\PC-User\Downloads\Compressed\Malika fix error\gamemodes\new.pwn:33212 -> modules\auction\design\biznes_centre.pwn:763 -> modules\auction\design\maps.pwn:559)
[23:54:14] [ERROR] CConnection::CConnection - establishing connection to MySQL database failed: #2002 'Can't connect to MySQL server on '127.0.0.1' (10061)'
[23:54:16] [ERROR] CConnection::CConnection - establishing connection to MySQL database failed: #2002 'Can't connect to MySQL server on '127.0.0.1' (10061)'
[23:54:45] [WARNING] mysql_connect: no password specified (C:\Users\PC-User\Downloads\Compressed\Malika fix error\gamemodes\new.pwn:33212 -> modules\auction\design\biznes_centre.pwn:763 -> modules\auction\design\maps.pwn:559)
[23:55:45] [ERROR] cache_get_value_name: field 'pInventory' not found (C:\Users\PC-User\Downloads\Compressed\Malika fix error\gamemodes\new.pwn:30603)
[23:55:45] [ERROR] cache_get_value_name: field 'pInventory_cell' not found (C:\Users\PC-User\Downloads\Compressed\Malika fix error\gamemodes\new.pwn:30603)
[00:01:27] [WARNING] mysql_connect: no password specified (C:\Users\PC-User\Downloads\Compressed\Malika fix error\gamemodes\new.pwn:33212 -> modules\auction\design\biznes_centre.pwn:763 -> modules\auction\design\maps.pwn:559)
[00:06:59] [ERROR] cache_get_value_name: field 'pInventory' not found (C:\Users\PC-User\Downloads\Compressed\Malika fix error\gamemodes\new.pwn:30603)
[00:06:59] [ERROR] cache_get_value_name: field 'pInventory_cell' not found (C:\Users\PC-User\Downloads\Compressed\Malika fix error\gamemodes\new.pwn:30603)
[00:10:57] [WARNING] mysql_connect: no password specified (C:\Users\PC-User\Downloads\Compressed\Malika fix error\gamemodes\new.pwn:33212 -> modules\auction\design\biznes_centre.pwn:763 -> modules\auction\design\maps.pwn:559)
[00:11:48] [WARNING] mysql_connect: no password specified (C:\Users\PC-User\Downloads\Compressed\Malika fix error\gamemodes\new.pwn:33212 -> modules\auction\design\biznes_centre.pwn:763 -> modules\auction\design\maps.pwn:559)
[00:11:58] [WARNING] mysql_connect: no password specified (C:\Users\PC-User\Downloads\Compressed\Malika fix error\gamemodes\new.pwn:33212 -> modules\auction\design\biznes_centre.pwn:763 -> modules\auction\design\maps.pwn:559)
[00:12:15] [WARNING] mysql_connect: no password specified (C:\Users\PC-User\Downloads\Compressed\Malika fix error\gamemodes\new.pwn:33212 -> modules\auction\design\biznes_centre.pwn:763 -> modules\auction\design\maps.pwn:559)
[00:12:25] [WARNING] mysql_connect: no password specified (C:\Users\PC-User\Downloads\Compressed\Malika fix error\gamemodes\new.pwn:33212 -> modules\auction\design\biznes_centre.pwn:763 -> modules\auction\design\maps.pwn:559)
[00:58:15] [WARNING] mysql_connect: no password specified (C:\Users\PC-User\Downloads\Compressed\Malika fix error\gamemodes\new.pwn:33212 -> modules\auction\design\biznes_centre.pwn:763 -> modules\auction\design\maps.pwn:559)
[00:59:41] [WARNING] mysql_connect: no password specified (C:\Users\PC-User\Downloads\Compressed\Malika fix error\gamemodes\new.pwn:33212 -> modules\auction\design\biznes_centre.pwn:763 -> modules\auction\design\maps.pwn:559)
[01:05:54] [WARNING] mysql_connect: no password specified (C:\Users\PC-User\Downloads\Compressed\Malika fix error\gamemodes\new.pwn:33212 -> modules\auction\design\biznes_centre.pwn:763 -> modules\auction\design\maps.pwn:559)
[01:08:03] [ERROR] cache_get_value_name: field 'pInventory' not found (C:\Users\PC-User\Downloads\Compressed\Malika fix error\gamemodes\new.pwn:30603)
[01:08:03] [ERROR] cache_get_value_name: field 'pInventory_cell' not found (C:\Users\PC-User\Downloads\Compressed\Malika fix error\gamemodes\new.pwn:30603)
[01:18:06] [WARNING] mysql_connect: no password specified (C:\Users\PC-User\Downloads\Compressed\Malika fix error\gamemodes\new.pwn:33212 -> modules\auction\design\biznes_centre.pwn:763 -> modules\auction\design\maps.pwn:559)
[01:18:53] [ERROR] cache_get_value_name: field 'pInventory' not found (C:\Users\PC-User\Downloads\Compressed\Malika fix error\gamemodes\new.pwn:30603)
[01:18:53] [ERROR] cache_get_value_name: field 'pInventory_cell' not found (C:\Users\PC-User\Downloads\Compressed\Malika fix error\gamemodes\new.pwn:30603)
[02:09:40] [WARNING] mysql_connect: no password specified (C:\Users\PC-User\Downloads\Compressed\Malika fix error\gamemodes\new.pwn:33212 -> modules\auction\design\biznes_centre.pwn:763 -> modules\auction\design\maps.pwn:559)
[02:10:28] [ERROR] cache_get_value_name: field 'pInventory' not found (C:\Users\PC-User\Downloads\Compressed\Malika fix error\gamemodes\new.pwn:30603)
[02:10:28] [ERROR] cache_get_value_name: field 'pInventory_cell' not found (C:\Users\PC-User\Downloads\Compressed\Malika fix error\gamemodes\new.pwn:30603)
[02:12:18] [ERROR] cache_get_value_name: field 'pInventory' not found (C:\Users\PC-User\Downloads\Compressed\Malika fix error\gamemodes\new.pwn:30603)
[02:12:18] [ERROR] cache_get_value_name: field 'pInventory_cell' not found (C:\Users\PC-User\Downloads\Compressed\Malika fix error\gamemodes\new.pwn:30603)
[02:27:02] [ERROR] cache_get_value_name: field 'pInventory' not found (C:\Users\PC-User\Downloads\Compressed\Malika fix error\gamemodes\new.pwn:30603)
[02:27:02] [ERROR] cache_get_value_name: field 'pInventory_cell' not found (C:\Users\PC-User\Downloads\Compressed\Malika fix error\gamemodes\new.pwn:30603)
[02:46:51] [WARNING] mysql_connect: no password specified (C:\Users\PC-User\Downloads\Compressed\Malika fix error\gamemodes\new.pwn:33212 -> modules\auction\design\biznes_centre.pwn:763 -> modules\auction\design\maps.pwn:559)
[02:48:24] [WARNING] mysql_connect: no password specified (C:\Users\PC-User\Downloads\Compressed\Malika fix error\gamemodes\new.pwn:33212 -> modules\auction\design\biznes_centre.pwn:763 -> modules\auction\design\maps.pwn:559)
[02:48:35] [WARNING] mysql_connect: no password specified (C:\Users\PC-User\Downloads\Compressed\Malika fix error\gamemodes\new.pwn:33212 -> modules\auction\design\biznes_centre.pwn:763 -> modules\auction\design\maps.pwn:559)
[02:53:32] [WARNING] mysql_connect: no password specified (C:\Users\PC-User\Downloads\Compressed\Malika fix error\gamemodes\new.pwn:33212 -> modules\auction\design\biznes_centre.pwn:763 -> modules\auction\design\maps.pwn:559)
[02:55:21] [WARNING] mysql_connect: no password specified (C:\Users\PC-User\Downloads\Compressed\Malika fix error\gamemodes\new.pwn:33212 -> modules\auction\design\biznes_centre.pwn:763 -> modules\auction\design\maps.pwn:559)
[02:56:17] [WARNING] mysql_connect: no password specified (C:\Users\PC-User\Downloads\Compressed\Malika fix error\gamemodes\new.pwn:33212 -> modules\auction\design\biznes_centre.pwn:763 -> modules\auction\design\maps.pwn:559)
[03:01:55] [WARNING] mysql_connect: no password specified (C:\Users\PC-User\Downloads\Compressed\Malika fix error\gamemodes\new.pwn:33212 -> modules\auction\design\biznes_centre.pwn:763 -> modules\auction\design\maps.pwn:559)
[03:02:05] [WARNING] mysql_connect: no password specified (C:\Users\PC-User\Downloads\Compressed\Malika fix error\gamemodes\new.pwn:33212 -> modules\auction\design\biznes_centre.pwn:763 -> modules\auction\design\maps.pwn:559)
[03:02:42] [ERROR] cache_get_value_name: field 'pInventory' not found (C:\Users\PC-User\Downloads\Compressed\Malika fix error\gamemodes\new.pwn:30603)
[03:02:42] [ERROR] cache_get_value_name: field 'pInventory_cell' not found (C:\Users\PC-User\Downloads\Compressed\Malika fix error\gamemodes\new.pwn:30603)
[03:06:18] [WARNING] mysql_connect: no password specified (C:\Users\PC-User\Downloads\Compressed\Malika fix error\gamemodes\new.pwn:33212 -> modules\auction\design\biznes_centre.pwn:763 -> modules\auction\design\maps.pwn:559)
[03:07:30] [ERROR] cache_get_value_name: field 'pInventory' not found (C:\Users\PC-User\Downloads\Compressed\Malika fix error\gamemodes\new.pwn:30603)
[03:07:30] [ERROR] cache_get_value_name: field 'pInventory_cell' not found (C:\Users\PC-User\Downloads\Compressed\Malika fix error\gamemodes\new.pwn:30603)
[00:24:24] [WARNING] mysql_connect: no password specified (C:\Users\PC-User\Downloads\Compressed\Malika fix error\gamemodes\new.pwn:33212 -> modules\auction\design\biznes_centre.pwn:763 -> modules\auction\design\maps.pwn:559)
[00:25:25] [ERROR] cache_get_value_name: field 'pInventory' not found (C:\Users\PC-User\Downloads\Compressed\Malika fix error\gamemodes\new.pwn:30603)
[00:25:25] [ERROR] cache_get_value_name: field 'pInventory_cell' not found (C:\Users\PC-User\Downloads\Compressed\Malika fix error\gamemodes\new.pwn:30603)
[00:29:55] [ERROR] cache_get_value_name: field 'pInventory' not found (C:\Users\PC-User\Downloads\Compressed\Malika fix error\gamemodes\new.pwn:30603)
[00:29:55] [ERROR] cache_get_value_name: field 'pInventory_cell' not found (C:\Users\PC-User\Downloads\Compressed\Malika fix error\gamemodes\new.pwn:30603)
[18:11:08] [WARNING] mysql_connect: no password specified (C:\Users\Administrator\Documents\Malikapad\gamemodes\new.pwn:33223 -> modules\auction\design\biznes_centre.pwn:763 -> modules\auction\design\maps.pwn:559)
[18:11:08] [ERROR] CConnection::CConnection - establishing connection to MySQL database failed: #1049 'Unknown database 'nin''
[18:11:08] [ERROR] CConnection::CConnection - establishing connection to MySQL database failed: #1049 'Unknown database 'nin''
[18:11:08] [ERROR] CConnection::CConnection - establishing connection to MySQL database failed: #1049 'Unknown database 'nin''
[18:11:08] [ERROR] CConnection::CConnection - establishing connection to MySQL database failed: #1049 'Unknown database 'nin''
[18:12:59] [WARNING] mysql_connect: no password specified (C:\Users\Administrator\Documents\Malikapad\gamemodes\new.pwn:33223 -> modules\auction\design\biznes_centre.pwn:763 -> modules\auction\design\maps.pwn:559)
[18:21:26] [ERROR] cache_get_value_name: field 'pInventory' not found (C:\Users\Administrator\Documents\Malikapad\gamemodes\new.pwn:30603)
[18:21:26] [ERROR] cache_get_value_name: field 'pInventory_cell' not found (C:\Users\Administrator\Documents\Malikapad\gamemodes\new.pwn:30603)
[18:35:57] [WARNING] mysql_connect: no password specified (D:\Pawn\Malikapad\Malikapad\gamemodes\new.pwn:33223 -> modules\auction\design\biznes_centre.pwn:763 -> modules\auction\design\maps.pwn:559)
[18:36:20] [WARNING] mysql_connect: no password specified (D:\Pawn\Malikapad\Malikapad\gamemodes\new.pwn:33223 -> modules\auction\design\biznes_centre.pwn:763 -> modules\auction\design\maps.pwn:559)
[18:37:47] [WARNING] mysql_connect: no password specified (D:\Pawn\Malikapad\Malikapad\gamemodes\new.pwn:33223 -> modules\auction\design\biznes_centre.pwn:763 -> modules\auction\design\maps.pwn:559)
[18:39:12] [WARNING] mysql_connect: no password specified (D:\Pawn\Malikapad\Malikapad\gamemodes\new.pwn:33223 -> modules\auction\design\biznes_centre.pwn:763 -> modules\auction\design\maps.pwn:559)
[18:51:14] [WARNING] mysql_connect: no password specified (D:\Pawn\Malikapad\Malikapad\gamemodes\new.pwn:33223 -> modules\auction\design\biznes_centre.pwn:763 -> modules\auction\design\maps.pwn:559)
[18:51:47] [ERROR] cache_get_value_name: field 'pInventory' not found (D:\Pawn\Malikapad\Malikapad\gamemodes\new.pwn:30603)
[18:51:47] [ERROR] cache_get_value_name: field 'pInventory_cell' not found (D:\Pawn\Malikapad\Malikapad\gamemodes\new.pwn:30603)
[18:54:56] [ERROR] cache_get_value_name: field 'pInventory' not found (D:\Pawn\Malikapad\Malikapad\gamemodes\new.pwn:30603)
[18:54:56] [ERROR] cache_get_value_name: field 'pInventory_cell' not found (D:\Pawn\Malikapad\Malikapad\gamemodes\new.pwn:30603)
[18:56:02] [ERROR] cache_get_value_name: field 'pInventory' not found (D:\Pawn\Malikapad\Malikapad\gamemodes\new.pwn:30603)
[18:56:02] [ERROR] cache_get_value_name: field 'pInventory_cell' not found (D:\Pawn\Malikapad\Malikapad\gamemodes\new.pwn:30603)
[09:52:50] [WARNING] mysql_connect: no password specified (D:\Pawn\Malikapad\Malikapad\gamemodes\new.pwn:33223 -> modules\auction\design\biznes_centre.pwn:763 -> modules\auction\design\maps.pwn:559)
[09:54:44] [ERROR] cache_get_value_name: field 'pInventory' not found (D:\Pawn\Malikapad\Malikapad\gamemodes\new.pwn:30603)
[09:54:44] [ERROR] cache_get_value_name: field 'pInventory_cell' not found (D:\Pawn\Malikapad\Malikapad\gamemodes\new.pwn:30603)
[09:54:51] [ERROR] cache_get_value_name: field 'pInventory' not found (D:\Pawn\Malikapad\Malikapad\gamemodes\new.pwn:30603)
[09:54:51] [ERROR] cache_get_value_name: field 'pInventory_cell' not found (D:\Pawn\Malikapad\Malikapad\gamemodes\new.pwn:30603)
[09:57:47] [ERROR] cache_get_value_name: field 'pInventory' not found (D:\Pawn\Malikapad\Malikapad\gamemodes\new.pwn:30603)
[09:57:47] [ERROR] cache_get_value_name: field 'pInventory_cell' not found (D:\Pawn\Malikapad\Malikapad\gamemodes\new.pwn:30603)
[20:11:25] [WARNING] mysql_connect: no password specified (D:\Pawn\Malikapad\Malikapad\gamemodes\new.pwn:33223 -> modules\auction\design\biznes_centre.pwn:763 -> modules\auction\design\maps.pwn:559)
[20:11:27] [ERROR] CConnection::CConnection - establishing connection to MySQL database failed: #2002 'Can't connect to MySQL server on '127.0.0.1' (10061)'
[20:11:29] [ERROR] CConnection::CConnection - establishing connection to MySQL database failed: #2002 'Can't connect to MySQL server on '127.0.0.1' (10061)'
[20:11:31] [ERROR] CConnection::CConnection - establishing connection to MySQL database failed: #2002 'Can't connect to MySQL server on '127.0.0.1' (10061)'
[20:11:33] [ERROR] CConnection::CConnection - establishing connection to MySQL database failed: #2002 'Can't connect to MySQL server on '127.0.0.1' (10061)'
[20:14:20] [WARNING] mysql_connect: no password specified (D:\Pawn\Malikapad\Malikapad\gamemodes\new.pwn:33223 -> modules\auction\design\biznes_centre.pwn:763 -> modules\auction\design\maps.pwn:559)
[20:16:59] [WARNING] mysql_connect: no password specified (D:\Pawn\Malikapad\Malikapad\gamemodes\new.pwn:33223 -> modules\auction\design\biznes_centre.pwn:763 -> modules\auction\design\maps.pwn:559)
[20:17:46] [ERROR] mysql_connect: handle error: no database specified (D:\Pawn\Malikapad\Malikapad\gamemodes\new.pwn:33223 -> modules\auction\design\biznes_centre.pwn:763 -> modules\auction\design\maps.pwn:559)
[20:17:46] [ERROR] mysql_errno: invalid connection handle '1' (D:\Pawn\Malikapad\Malikapad\gamemodes\new.pwn:33228 -> modules\auction\design\biznes_centre.pwn:763 -> modules\auction\design\maps.pwn:559)
[20:17:46] [ERROR] mysql_errno: invalid connection handle '1' (D:\Pawn\Malikapad\Malikapad\gamemodes\new.pwn:33236 -> modules\auction\design\biznes_centre.pwn:763 -> modules\auction\design\maps.pwn:559)
[20:17:46] [ERROR] mysql_set_charset: invalid connection handle '1' (D:\Pawn\Malikapad\Malikapad\gamemodes\new.pwn:33239 -> modules\auction\design\biznes_centre.pwn:763 -> modules\auction\design\maps.pwn:559)
[20:17:46] [ERROR] mysql_tquery: invalid connection handle '0' (D:\Pawn\Malikapad\Malikapad\gamemodes\new.pwn:33240 -> modules\auction\design\biznes_centre.pwn:763 -> modules\auction\design\maps.pwn:559)
[20:17:46] [ERROR] mysql_tquery: invalid connection handle '0' (D:\Pawn\Malikapad\Malikapad\gamemodes\new.pwn:33241 -> modules\auction\design\biznes_centre.pwn:763 -> modules\auction\design\maps.pwn:559)
[20:17:46] [ERROR] mysql_tquery: invalid connection handle '0' (D:\Pawn\Malikapad\Malikapad\gamemodes\new.pwn:33242 -> modules\auction\design\biznes_centre.pwn:763 -> modules\auction\design\maps.pwn:559)
[20:17:46] [ERROR] mysql_tquery: invalid connection handle '0' (D:\Pawn\Malikapad\Malikapad\gamemodes\new.pwn:33243 -> modules\auction\design\biznes_centre.pwn:763 -> modules\auction\design\maps.pwn:559)
[20:17:46] [ERROR] mysql_tquery: invalid connection handle '0' (D:\Pawn\Malikapad\Malikapad\gamemodes\new.pwn:33244 -> modules\auction\design\biznes_centre.pwn:763 -> modules\auction\design\maps.pwn:559)
[20:17:46] [ERROR] mysql_tquery: invalid connection handle '0' (D:\Pawn\Malikapad\Malikapad\gamemodes\new.pwn:33245 -> modules\auction\design\biznes_centre.pwn:763 -> modules\auction\design\maps.pwn:559)
[20:17:46] [ERROR] mysql_tquery: invalid connection handle '0' (D:\Pawn\Malikapad\Malikapad\gamemodes\new.pwn:33268 -> modules\auction\design\biznes_centre.pwn:763 -> modules\auction\design\maps.pwn:559)
[20:17:46] [ERROR] mysql_tquery: invalid connection handle '0' (D:\Pawn\Malikapad\Malikapad\gamemodes\new.pwn:33269 -> modules\auction\design\biznes_centre.pwn:763 -> modules\auction\design\maps.pwn:559)
[20:17:46] [ERROR] mysql_tquery: invalid connection handle '0' (D:\Pawn\Malikapad\Malikapad\gamemodes\new.pwn:33270 -> modules\auction\design\biznes_centre.pwn:763 -> modules\auction\design\maps.pwn:559)
[20:17:46] [ERROR] mysql_tquery: invalid connection handle '0' (D:\Pawn\Malikapad\Malikapad\gamemodes\new.pwn:33271 -> modules\auction\design\biznes_centre.pwn:763 -> modules\auction\design\maps.pwn:559)
[20:17:46] [ERROR] mysql_tquery: invalid connection handle '0' (D:\Pawn\Malikapad\Malikapad\gamemodes\new.pwn:33272 -> modules\auction\design\biznes_centre.pwn:763 -> modules\auction\design\maps.pwn:559)
[20:17:46] [ERROR] mysql_tquery: invalid connection handle '0' (D:\Pawn\Malikapad\Malikapad\gamemodes\new.pwn:33273 -> modules\auction\design\biznes_centre.pwn:763 -> modules\auction\design\maps.pwn:559)
[20:17:46] [ERROR] mysql_tquery: invalid connection handle '0' (D:\Pawn\Malikapad\Malikapad\gamemodes\new.pwn:33274 -> modules\auction\design\biznes_centre.pwn:763 -> modules\auction\design\maps.pwn:559)
[20:17:46] [ERROR] mysql_tquery: invalid connection handle '0' (D:\Pawn\Malikapad\Malikapad\gamemodes\new.pwn:33275 -> modules\auction\design\biznes_centre.pwn:763 -> modules\auction\design\maps.pwn:559)
[20:17:46] [ERROR] mysql_tquery: invalid connection handle '0' (D:\Pawn\Malikapad\Malikapad\gamemodes\new.pwn:33276 -> modules\auction\design\biznes_centre.pwn:763 -> modules\auction\design\maps.pwn:559)
[20:17:46] [ERROR] mysql_tquery: invalid connection handle '0' (D:\Pawn\Malikapad\Malikapad\gamemodes\new.pwn:33277 -> modules\auction\design\biznes_centre.pwn:763 -> modules\auction\design\maps.pwn:559)
[20:17:46] [ERROR] mysql_tquery: invalid connection handle '0' (D:\Pawn\Malikapad\Malikapad\gamemodes\new.pwn:33278 -> modules\auction\design\biznes_centre.pwn:763 -> modules\auction\design\maps.pwn:559)
[20:17:46] [ERROR] mysql_tquery: invalid connection handle '0' (D:\Pawn\Malikapad\Malikapad\gamemodes\new.pwn:33279 -> modules\auction\design\biznes_centre.pwn:763 -> modules\auction\design\maps.pwn:559)
[20:17:46] [ERROR] mysql_tquery: invalid connection handle '0' (D:\Pawn\Malikapad\Malikapad\gamemodes\new.pwn:33280 -> modules\auction\design\biznes_centre.pwn:763 -> modules\auction\design\maps.pwn:559)
[20:17:46] [ERROR] mysql_tquery: invalid connection handle '0' (D:\Pawn\Malikapad\Malikapad\gamemodes\new.pwn:33281 -> modules\auction\design\biznes_centre.pwn:763 -> modules\auction\design\maps.pwn:559)
[20:17:46] [ERROR] mysql_tquery: invalid connection handle '0' (D:\Pawn\Malikapad\Malikapad\gamemodes\new.pwn:33282 -> modules\auction\design\biznes_centre.pwn:763 -> modules\auction\design\maps.pwn:559)
[20:17:46] [ERROR] mysql_tquery: invalid connection handle '0' (D:\Pawn\Malikapad\Malikapad\gamemodes\new.pwn:33283 -> modules\auction\design\biznes_centre.pwn:763 -> modules\auction\design\maps.pwn:559)
[20:18:36] [ERROR] mysql_connect: handle error: no database specified (D:\Pawn\Malikapad\Malikapad\gamemodes\new.pwn:33223 -> modules\auction\design\biznes_centre.pwn:763 -> modules\auction\design\maps.pwn:559)
[20:18:36] [ERROR] mysql_errno: invalid connection handle '1' (D:\Pawn\Malikapad\Malikapad\gamemodes\new.pwn:33228 -> modules\auction\design\biznes_centre.pwn:763 -> modules\auction\design\maps.pwn:559)
[20:18:36] [ERROR] mysql_errno: invalid connection handle '1' (D:\Pawn\Malikapad\Malikapad\gamemodes\new.pwn:33236 -> modules\auction\design\biznes_centre.pwn:763 -> modules\auction\design\maps.pwn:559)
[20:18:36] [ERROR] mysql_set_charset: invalid connection handle '1' (D:\Pawn\Malikapad\Malikapad\gamemodes\new.pwn:33239 -> modules\auction\design\biznes_centre.pwn:763 -> modules\auction\design\maps.pwn:559)
[20:18:36] [ERROR] mysql_tquery: invalid connection handle '0' (D:\Pawn\Malikapad\Malikapad\gamemodes\new.pwn:33240 -> modules\auction\design\biznes_centre.pwn:763 -> modules\auction\design\maps.pwn:559)
[20:18:36] [ERROR] mysql_tquery: invalid connection handle '0' (D:\Pawn\Malikapad\Malikapad\gamemodes\new.pwn:33241 -> modules\auction\design\biznes_centre.pwn:763 -> modules\auction\design\maps.pwn:559)
[20:18:36] [ERROR] mysql_tquery: invalid connection handle '0' (D:\Pawn\Malikapad\Malikapad\gamemodes\new.pwn:33242 -> modules\auction\design\biznes_centre.pwn:763 -> modules\auction\design\maps.pwn:559)
[20:18:36] [ERROR] mysql_tquery: invalid connection handle '0' (D:\Pawn\Malikapad\Malikapad\gamemodes\new.pwn:33243 -> modules\auction\design\biznes_centre.pwn:763 -> modules\auction\design\maps.pwn:559)
[20:18:36] [ERROR] mysql_tquery: invalid connection handle '0' (D:\Pawn\Malikapad\Malikapad\gamemodes\new.pwn:33244 -> modules\auction\design\biznes_centre.pwn:763 -> modules\auction\design\maps.pwn:559)
[20:18:36] [ERROR] mysql_tquery: invalid connection handle '0' (D:\Pawn\Malikapad\Malikapad\gamemodes\new.pwn:33245 -> modules\auction\design\biznes_centre.pwn:763 -> modules\auction\design\maps.pwn:559)
[20:18:36] [ERROR] mysql_tquery: invalid connection handle '0' (D:\Pawn\Malikapad\Malikapad\gamemodes\new.pwn:33268 -> modules\auction\design\biznes_centre.pwn:763 -> modules\auction\design\maps.pwn:559)
[20:18:36] [ERROR] mysql_tquery: invalid connection handle '0' (D:\Pawn\Malikapad\Malikapad\gamemodes\new.pwn:33269 -> modules\auction\design\biznes_centre.pwn:763 -> modules\auction\design\maps.pwn:559)
[20:18:36] [ERROR] mysql_tquery: invalid connection handle '0' (D:\Pawn\Malikapad\Malikapad\gamemodes\new.pwn:33270 -> modules\auction\design\biznes_centre.pwn:763 -> modules\auction\design\maps.pwn:559)
[20:18:36] [ERROR] mysql_tquery: invalid connection handle '0' (D:\Pawn\Malikapad\Malikapad\gamemodes\new.pwn:33271 -> modules\auction\design\biznes_centre.pwn:763 -> modules\auction\design\maps.pwn:559)
[20:18:36] [ERROR] mysql_tquery: invalid connection handle '0' (D:\Pawn\Malikapad\Malikapad\gamemodes\new.pwn:33272 -> modules\auction\design\biznes_centre.pwn:763 -> modules\auction\design\maps.pwn:559)
[20:18:36] [ERROR] mysql_tquery: invalid connection handle '0' (D:\Pawn\Malikapad\Malikapad\gamemodes\new.pwn:33273 -> modules\auction\design\biznes_centre.pwn:763 -> modules\auction\design\maps.pwn:559)
[20:18:36] [ERROR] mysql_tquery: invalid connection handle '0' (D:\Pawn\Malikapad\Malikapad\gamemodes\new.pwn:33274 -> modules\auction\design\biznes_centre.pwn:763 -> modules\auction\design\maps.pwn:559)
[20:18:36] [ERROR] mysql_tquery: invalid connection handle '0' (D:\Pawn\Malikapad\Malikapad\gamemodes\new.pwn:33275 -> modules\auction\design\biznes_centre.pwn:763 -> modules\auction\design\maps.pwn:559)
[20:18:36] [ERROR] mysql_tquery: invalid connection handle '0' (D:\Pawn\Malikapad\Malikapad\gamemodes\new.pwn:33276 -> modules\auction\design\biznes_centre.pwn:763 -> modules\auction\design\maps.pwn:559)
[20:18:36] [ERROR] mysql_tquery: invalid connection handle '0' (D:\Pawn\Malikapad\Malikapad\gamemodes\new.pwn:33277 -> modules\auction\design\biznes_centre.pwn:763 -> modules\auction\design\maps.pwn:559)
[20:18:36] [ERROR] mysql_tquery: invalid connection handle '0' (D:\Pawn\Malikapad\Malikapad\gamemodes\new.pwn:33278 -> modules\auction\design\biznes_centre.pwn:763 -> modules\auction\design\maps.pwn:559)
[20:18:36] [ERROR] mysql_tquery: invalid connection handle '0' (D:\Pawn\Malikapad\Malikapad\gamemodes\new.pwn:33279 -> modules\auction\design\biznes_centre.pwn:763 -> modules\auction\design\maps.pwn:559)
[20:18:36] [ERROR] mysql_tquery: invalid connection handle '0' (D:\Pawn\Malikapad\Malikapad\gamemodes\new.pwn:33280 -> modules\auction\design\biznes_centre.pwn:763 -> modules\auction\design\maps.pwn:559)
[20:18:36] [ERROR] mysql_tquery: invalid connection handle '0' (D:\Pawn\Malikapad\Malikapad\gamemodes\new.pwn:33281 -> modules\auction\design\biznes_centre.pwn:763 -> modules\auction\design\maps.pwn:559)
[20:18:36] [ERROR] mysql_tquery: invalid connection handle '0' (D:\Pawn\Malikapad\Malikapad\gamemodes\new.pwn:33282 -> modules\auction\design\biznes_centre.pwn:763 -> modules\auction\design\maps.pwn:559)
[20:18:36] [ERROR] mysql_tquery: invalid connection handle '0' (D:\Pawn\Malikapad\Malikapad\gamemodes\new.pwn:33283 -> modules\auction\design\biznes_centre.pwn:763 -> modules\auction\design\maps.pwn:559)
[20:19:04] [WARNING] mysql_connect: no password specified (D:\Pawn\Malikapad\Malikapad\gamemodes\new.pwn:33223 -> modules\auction\design\biznes_centre.pwn:763 -> modules\auction\design\maps.pwn:559)
[20:20:38] [ERROR] cache_get_value_name: field 'pInventory' not found (D:\Pawn\Malikapad\Malikapad\gamemodes\new.pwn:30603)
[20:20:38] [ERROR] cache_get_value_name: field 'pInventory_cell' not found (D:\Pawn\Malikapad\Malikapad\gamemodes\new.pwn:30603)
[22:55:57] [WARNING] mysql_connect: no password specified (C:\Users\Administrator\Downloads\BZ4 Roleplay\BZ4 Roleplay\gamemodes\new.pwn:33213 -> modules\auction\design\biznes_centre.pwn:763 -> modules\auction\design\maps.pwn:559)
[23:02:33] [ERROR] cache_get_value_name: field 'pInventory' not found (C:\Users\Administrator\Downloads\BZ4 Roleplay\BZ4 Roleplay\gamemodes\new.pwn:30603)
[23:02:33] [ERROR] cache_get_value_name: field 'pInventory_cell' not found (C:\Users\Administrator\Downloads\BZ4 Roleplay\BZ4 Roleplay\gamemodes\new.pwn:30603)
